3 50 476  420 6447 35 7580 7547 4242 7251 7442 6629 8297 7181 6964 7289 4626 6634 4275  228 4386 4307 7786 8057 35 10008 8536 7401 7452 4609 
3 75 7951 36 8781 6430 35 9383 8039 7299 7392 7285 7509 7237 6935 6838 4146 9074  355 8567 6316 7625 6888  435 5940 8076 7759 8142 7028 8539 
3 100 4451 8329 3921 7232 9121 4385 6538 7720 6647 8816 6989 8070 7408 7656 7444 8375 7367  260 3922 9011 36 8755 7027 8052 6597 9738 7914 35 35 
3 125 9131 6703 7827  1562 8289 8351 36 8505 4930 4802 36  1157 8539 6828 8055 35 9848 4739 7025 7112 7107 7904 7217 7355 36 5813 36 9901 
3 150 8365 9991 8091 7448 8512 6912 36  1012 6662 7878 7737 8269 35  1225 5381 8303 4402  3365 6876 37 9959 7080 8017 35  355 5953 
3 175 36 36  35 5327 7979 9217  2182 9102 7335 9950 7441 4385 7112 9130 4402 6612 8254 8047 8376 35 9941 7503 9010 7915 7116 4721 8124 8275 
3 200 7253  2984 37  2952 37 37  451  35 7601 4594 8785 36 6749 4084 7976  1580 6212  660 8178  3477 8487 7262 7467 
3 225  5394  35 1379 37 6206  9916 7395 9929 7773 6839  276 6934 7827 36 6680  516 8204 7111  5616  37 644 37 8983 
3 250  1355 6566 7757 36 7167 8329 6945  1372 9791 4642 7538 7411 9349 4531 9372 8785 8721  5755 8091 9009  3557  6830 6399 9702 7979 
4 50 35 9329 35  543 6454 7215 7993 36 4884 7084 6535 8197  2075 36 36 4945 35 36 35 36 7790 7036 4610 35 9015 7014 4516  
4 75 35 36 36 6188 8491 4962 6669 7050 7028 8710 6672 35 8753 36  5512 8867 7473 4674 35 9458 35 8681 36 8022 9477 8925 35 36 820 
4 100 2179 8767 36  2846 6674 36  663 1492 6621 6963 35 6800 7623  660 8699  638 35 5813 9166 9135 36 9018 35 7917 4627 6131 
4 125 35 9182  164 3296 8576 36 7692 8923 4434 4580 35  180 4933 36 35 7077 7912 4243 36 6249 8980 4370 4274 6547 7634 6345 36 8275 
4 150  36 6839 6701 36 8474 7742 35  1196 36 6059 4018 4402 7290 6691 8594 6914 6605 35  3336 7684 4562 8024  4314  5601  
4 175 36 36 7210 7715 8045 35 9310 9423 8149 9843 8627  36 7056 4498  909 3010 6774 7050 36  404 4840 7018 5057 6569 7871 9991 7606 
4 200 6613 7481 7620 7278 37 35 36 6649 8463 7244 9738 36  1552 7868 4562 7618 8789 7620 4642   868 36 36 5384 6666  451 8503 
4 225 8018 4418   3758 7258 36 5678  2189 35 5399 8654 6217 8845 35 8165 9193  2874  3063  2942 7283  7635  516  
4 250 3334 35  2092 38 5384 35  2456 9173 36 9246 36 9302 36 36 5191 7407 7141 7694 7820 36 37  5008 4387  35 35 7393 
5 50 7470  568 6316 35 35  228 7168 35 8649 6569 9827 36 36 5159 8224 7081 6709 35 7743 35 8998 4338 36 6985  362 35 8642 
5 75 36  6607 36  2953 7256 8967 36 35 35 6065  451 5403 9931 4370 35 36 6680 36  2522 7046 6905 6875 5894 7784 7612 6560 
5 100 7299 36   1181  494 36 7988 6716 7815 4274 8739 8729 8595 35 9147 36  3399  841 35 7126 6214 6572 7946 6436 6255 35 
5 125 36 8549 7929 4498 4226 7125  436 1044 8724 8961 6618 7716 36 8742 7059 36  3377 7128 36  292 5385 4306  36 580  4122 
5 150 35  2348 35 8324 4770 36 6163 7717  688 7760 8069 9036 36  1588 8453 8255 36 8965 4164 8449 8996 36 7244 7118 35  4527 
5 175 9512 7570 36 7851  1109 3059 35 9828 8441 35 7729 9621  1290 5287  4197 36 8942  4060 5010  581 5000 36 35 36  
5 200 4577 4514 4418 8113 36 35 9893 7931 6713 4546 7683 36 6204 7538 4387 4371 35 9739 35 9015 37 6299 8983 8076 7381 6541 7596 6511 36 36 
5 225  802 35 8845 7259 36 8558 7618 4114 7952 7134 9055 7858 8894 4530 4754 4674 35 9100 5059 9705 7027 4451 6804 7954 36  36 36 5134 
5 250 9725 9020  3515 35  547 2835 36  1711 4451 8051 6434  297 37 6405 9207 8330 8072 8602 36  2380  3715 8583 9424 8160 
6 50 36 7318  228 8218 7487 8045 36 8379 35 35 7163  5145 6884 35 8526 9446 8866 36  548  36 6650 37 5805  227 6024 
6 75  1855 4546 9430 7133 6959  3252 6973 6397  36 2004 4514 4962 35 9406  677 5719  671 36 36 4035 37 35 4598 7726 4449 
6 100 8591 6521 7096 4531  148 35 6830 4179 4258 7240 6402 36  148 6269 8547 4450 4147 4434 36 7054 35 36 36 9317 6446 9058 4241 6654 
6 125 36 5763 36 5318 35 8737  2274 6672 8226 6936 6705 37 10012 7841 7388 6994 37  35 5521 7594 9086 4307 8022 36 8533  2172 36 
6 150 4707 35 8714 7650 36 7753 38 6087 36 7687 7079 6348 4355 4321 35 36 36 35  1962 36 8340 7599 9769 35 5584 4258  195 5543 
6 175 9878 36 36 6349 4642 8175 37 9811 6877 7141 4019 4434 6222  35 3628  36 5032 4337 35 36 5438 6460 8587 36  36 35 35 
6 200 7141 9711 4419  680 6720 8585 6894 36 9647 4866 7972  4833 6282 4867 36 8357 8208 35  243 36 5611 6946 6363 7413  1254 7441 
6 225 7658 7430 8248 4195  3191 6804 4514 8125 7308 6697 37 8137 7925  36 7386 35  1212 35  4886 7547  36 37 4738 8249 4468 
6 250 7182 36 6573 37  291 6038 36 6406 4516 36 8326  1329 36 35 36 6982 8150 4305  3772 4465 9966 8427 4307  1106 6291 7774 
7 50  36 9322  35 36 35 36 35 3954 37 37 7141 7674 6848 36 36 6031 6759 37 35 2818 4417 7571 9696 7636 6748  36 4576 
7 75 37 36 6977  1510  35 5782  3647 36 5196 7003 35 36  435 2887 4690 8963 4833 8108 9107 7633 36 8901 4418 36 8389 4451 
7 100 35 36 5985 4385 35 36  36 5044 4308 6608 4770 36 8096 36 8371 36 36 6332 37 9501 6490 6380 36 36 4131 9994  147 1892 
7 125 5495 36  36 1889 35 5157 6295 4226 7563 6941  35 35 6844 8695 36 35 5214 6940 7934 36 7325 8618 4418 8721 6379 36  1902 
7 150 36 35 6524 36  1050 3940 4306 7377 3971 9187 8681 4451 4323 8055 35 9286 36 8632  37 2243 3188 8727 7802 35 9978 8008 36  
7 175 36 3053 8281 35 9660 35 7270 35 36 5640  5264 4195 8968 36  227 3355 37 35 7614 6838 7733 7217 4178 8378 7849 7661 9503 6648 
7 200 7703  4380 7604 7825 35 6987 7960 7929 36 35 7390 35  2054 9328 6231 35 9370 8313 8252 9395 36 35  452 36 3521 6426 8140 
7 225 36  275 6959 4835 6989 8129 36 9377 35 35 36 5939 35 36 3347 4369 6728 8271 36 35 36 4562 7601 8185 6481 8513 4355 6652 35 
7 250 35  35 1588 35 36 4226 9426 35 9052 6316 37 9581 9665  37 36 35  36 803 868 4779 36 9795 4643 36 36 7172 7454 
8 50  36 1779 36 35 4864 37 6127 7421 4243 36 6162 36 5503 36  562 3923 36 36 36 9758 6219 4371 7201 36 10012  35 37 
8 75 6870 36 4969  5191 36 6549 4579  276 35 35  2427 36 9530 7961  4464 37 8517 8783 4371 36 5972 35 6491 6973 4244 9198 
8 100 7466 4594 4386 36  35 1363 35 4771 7779 36 36 6823 8185 35 9125 9678 7781 7565 36 36 5236 4419 36 35 5559 6136 36  36 
8 125 2035 7143 8553 36 35 35 6431 8081 37 8019 7753 35  292 5522 51  36 3475 36 35 3299 36  36 36 35 36 7002 4339 
8 150 6447 6636 35 35 37 8586 7494 35 9509 4370 36 5005 8598  516 3314 9399 8101 8376 8529 35 35 2771 6670 6882 36 8303 9097 9570  
8 175 568 6128 6489 37 9910 38 8635 7126 7133 8057 35 7328 6330 36  404 9607  751 7935 9390 36 7082 6341 36 37 5676 36 7370 7470 
8 200 35 37 36  1736 9441 35 35 36 8343 8037 36 6658 7717 8890 35  35 5785 4275 4339 7350 4226 7196 6309  1349 36  36 
8 225 6738 7221 8717 7133 7321 4483 35 35 35 36  2328 37  591 6792 4036  2471 6861 36 9993 35  516 6617 4931 9099 36 36 
8 250  37 35  309 36 36 36 36 8342  291 4610 7851 8997 36 8311 7635 4675 36  6454 36 37  37 4178 7614 8907 9134 
9 50 9845 6391 36 37 4530  100 5331 35 5808 36 36 3235 36 36 4322 4482 35 6080 35 6156 4483 35 6593 7288 6614 4242 6168 9444 7609 
9 75 35 9599 9193 36 35 4450 35 36 35 2996  35 2226 9467 36 6402 7031 4498 7956 8954 36 9197 36 36 3970 36 8926 9684 4098 4353 
9 100 36 7261 6797 36 36 6895 35 6031 4290 35 6954 6645 8552 35 4567 37 35 36 36 4907 8592 4307 6787 36 36 1157 35 3267 36 8960 
9 125 6325 36 36 3877 9229 4315 6398 36 6158 4498 35 36  37 7432 6268 6726 35 8080 4658  1345 36 6548 9123 9602 9421 8758 36 36 
9 150 36 35 37 35 5313 37 8757 4179 7572 4610 35 6579 7521 36 9298 35 5864 35 6276 6549 7210 8630 35 8631 6609 36 5602 7593 36 8024 
9 175 35 7727 9082 7035 36 35 6687 6485 6621 6280 35  36 6789 4435 4465 4258 36 35 36 37 2738 8626 35 6567 6924 4356 8826 39 8387 
9 200 35 36 9806 7807 8109 7959 36 8285 8604 8102 36 9542 36 36 7731 7602 35 6276 37 35 36 37 5849 36 35 4646 4289 4451 7918 4499 
9 225 35 36 36 36 3044 4562 9477 36 36 7014 37 8592 4339  1729 35  516 6534 35 36 4754 4882 36 35  515 5269 8836 35 
9 250 36 8576 7264 6743 36 5681 35 8892 7123 3588 35 9039 6285 4466 6891 42 36  644 5977 36 4385 35 5867  38 36 1715 3458 35 
10 50 8786 36 8478 7495 8690 4562  35 6832 7365 4386 9272 35 6531 4770 35 9971 6876 35 36 36 4562 8520 4370 6087 7275 36 35 3043 36 
10 75 35 6384 4466 7385 4675 36 6240 36 9289 6945 4499 36 4643 4451 7297 4275 6476 7482 4339 7796 4435 7195 35 36 35 7593 36 6755 5025 7332 
10 100 4147 4594 36  36 2370 6885 7310 6528 7675 4387 36 6289 35 36 36 6358 6813 4354 6457 36 9199 6931 4450 6709 4577 35 5968 4547 7619 
10 125 6674 7340 7542 35 36 3954 7400 37 36 36 35 36 36 37 4756 4131 4450 8526 36 9499 36  164 35  35 6325 4466 7221 36 
10 150 6972 7628 35 9104 36 6533 4738 35 36 3636 36 6560 36 8481 35 9675 7909 36 8509 6766 8841 7612 7167 35 7086 36 36 5479 36  
10 175 404 4585 36 7142 36 37 36 8748 8118 36 37 7289 9511 6714 36 36 5669 9427 8508 6138 35 36 2707 3987 35 36 35 36 36 2036 
10 200 6044 4483 7387 7475  2078 4578 36 35 35 36 36 6818 36 9068 4434  35 963 36  664 37 5918 37 9832 36 6612 36 6369 
10 225 6673 7682 4562 4386 8154 37 35 35 36 35 3651 8060 6654 8488 4450  35 36 35 6831 4434 36 36 2770 4353 7530 7935 7023 36 37 
10 250 6544 4866 36 37 4689 36 36 4165 6519 4642 36 7702  5347 36 35  9451 7063 35  547 35 3810 7800 7412 6813 35  563 
11 50 35 9535 39 9683 35 9985 4497 8352 35 6388 37 35 36 6883 9387 6378 35 36 2420  36 2290 3396 8520 4162 4722 36 4764 36 36 
11 75 3973  1978 4898 36 6691 9534 8993 5042 7927 8280 35 6939 36 36 35 36 9850 36 36 36  35 36 4419 5330 36 35 6453 4978 
11 100 35 6959 41  1217  3231 4914 5169 7266 36 35 36 36 3236  6938  3230 9402 4914 36 35 36 996 4625 36 6306 5010 36 
11 125  35 1859 36 5433 8074 35  36 964 35 7203  35 35 3601 9484 5171 37 35 36 35  35 35 7776 4834 36 36 3187 
11 150 7151 4963 35  355 1876 36 5139 5459 5235 5395 9177 8763 35 9269 9158 5459  35 1699 6411 52  36 5762  1066 8496 9830 37 
11 175 35 6890  4635 6912  2577 36  8460  6435 35 36 35 35 7249 7947 36 6704 35 36 35 5203 7546 36  36 3965 36 
11 200 35 5712 37  1712 9907 5378 36  36 36 7004 5219 36 36 37 7522 8816 35 9483 35 35 4738 4979 35 6414 36 35 7520 35 
11 225 9176 7896 35  1114 36 4850 5393 5297 9315 36 9368 36 6339 7605 4995 8495  592 36 4433 7138 5010 7146 4930  276 8728  3794 
11 250 36  6754 35 36 35 35  36 36 4322 7343 36  36 6700 35 6598 8035  1372 2835 4931 36 6121 7101 8046 7947  7593 
12 50  99  100 7849 35 6107  37  6598 4978 4897 5154  1464 36 37 3219  35 1076 3748 37 36 3459 5219 4899 36 7344 
12 75 35  356 6467 7909 7907 35  4307 7620 35 36 35 7106  1822 36 9500 35 9032 4964 4899 37 9725  2543  36 3155 35 
12 100 36 4322 4946 8277 7607 9608 5009 35 36 9681 37 35  3426 35 36 7123 35 36 36 2882  36 35 35 36 36 36 4641 7707 
12 125 5346 5090 8444 45 35 37 35 9908  4870 7715 8129 35 36 7271 35 36 3283 35 6696 4866 36 6021 35 36 5420 37 6719 36 7388 
12 150 35 36 5482 4707 7288 5251 7518 36  6569 5201 37 35 36 36  516 5836 5443 8897  2348 7925 5330 36 36 36 6979 9029 36 
12 175 7425  228 2483 35 6703 36 36 37  946 6614 4947 36  35 6622 4866 4963 7486 36 6172  219 4269  35 35 5740 36 
12 200  36 1795 5963  1107 8063 7683  35 5337 36  37 1731 7133 36 9009 4978 36 37 35 35 36 36 36 7538  244 36 
12 225 36 36 35  35 6879  1592 4274 4961 36 8980 4834 35  37 36 4987 35 35 7472 36 35 2036 7842  868 35 36 35 
12 250 5888 36 36 5445 36  5014 5202 36  36 2306 9400 4979 9001 36  292 2482  297 37 3586 36 7394 8312 7612 35 35 36 
13 50  1112 4818 36 6199 36 38 6717 37 35 7457 5201 8644 36 35 7299 35 36 5560 4962 6915 36 36 35 35 4243 8546 36 36 3251 
13 75 35  36 36 5737 37 35 2419 6250 35 36 36 35 35 5444 5059 8541 36 36 1843 36 36 4561  36 36 2386 3811 5187 9340 
13 100 35 36 36  147 35 3380 36 7094 4913 36 36 36 38 36 36 38 36 2083  35 1794 36 37 36 35 7337 36 35 36 
13 125 6050 4961 35 36 35 5026 5154 4978 36 6974 35 6280 36 36 7769 4914 36  36 7788 7853 36 36 6111 37 6867 7819 4866 5010 4754 
13 150 35  1613 5186 36 9248 9210 8967 7087 36 5922 36 7063 9229 4882 36 5783 5154 37 36 3459 36  502 2419 8230 37 6250 8648 35 
13 175 35 8882 36 38 9030 36 34 36 7020  36 5075 36 35 36  36 6649 37 6374 35 9011 7672 6732 5203  37 36 6928 8314 
13 200 37 8724 9359 35 6443 36 36 36  37 36 35 36 35 36 3362 8478 5058 36 36 36 9005  35 5322  452 1988 37 35 
13 225 3699 36 6095 7917 36 7566 9083 8008 5298 36 36 36 5604 9123 36 35 8259 36  35 35 35 36 36 35 36 35 36 7789 7373 
13 250 36 36 36  36 8626  608 36 2467 35 35 36 5535 7992 35 36 3821 9492 36 36 2994 4962 35 6421  35 36  3039 
14 50 35 36 36 4754 5298 5105 35  36 36 6268 35 35 37 35 35 3811 7205 4898 35 7802 35 9911 4866 36 36 3363 5105 4610 35 
14 75 36 36 8133 36 35  36 35 36 35 35 6028 36 5658  2119  8667 4883 9447  2734 9167 35 6731 4930 8698 35 36 5768 
14 100 37  35 36 36 3874 8452 9715 36 35 5033 5249  268 1347 35 4514 35  38 35 36 8475 5330 7017 37 9301 8115 36  
14 125 35 35 36 4132 4770  1275 36 35 5591 36 36 35 36 35 5939 35  35 6743 35 5904 36 6717 7746 35 36  164 2051 
14 150 4244 4883  35 36 5369 35 36 36 36 5108 36 36 2020 3763 37 35 36 37 3490 36 7433 36  2737 5330 4834 5106  2377 
14 175 36 7278 35 35 6422 9552 35 6965 36 9147 35 36 4069 35 37 35 2483 35 38 3024 37 6886 36  2231 7637 4771 5058 36 7238 
14 200 35 8858 5189 36 36 2500 36 7266 36 9652 36 8930 7437 4930 5090 36 6706  1150  2797 36 35 37 36 9815 36  35 3812 
14 225 36 9407 8408 36  35 7319 35  35 2547 35 5433 37 7055 36  37 35 4019 35 36 7589 36 6776 36 36 36 36 6562 
14 250 4900 5043 36 35 36 2867 37 4514 35  36 35 3267 36 4594 35 36 35 35 36 35 4322 36 35 36 36 36 4994 7713 5298 
15 50 4754  36 37 35 3810 4978 5041 35 35 6339 35  6258  2964  35 2355 36 8660 37 7212 9507 36 8448 8196 8660 4673 4898 
15 75 7821  646 36 3859 9796 36 36 6060  35 36 36  275 35 35 37 35 35 7264 36 35 36 37 36 6214 4961 36 36 
15 100 35 36 35 5251 4867  147 36 35 4563 4786 7467 36 6511 35 37 2883 7622 7970 9885 36 38 36 3267 35 6585 37 36 2483 36 
15 125 36 6285 36 7369 4803 37 36 35 36 35 36 36 8929 8581  164 5598 4882 9149 35 7834 5106 35 6148 9021 8422 35 6060 7769 4867 
15 150 36 8474 36 6937  553 35 37 6907  36 4843  425 58   35 35 7971 5138 4899 36 9520 8562 4870 36 10012 4867 8276 
15 175 35 35 36 9410 5100 37 9927 35 36 9907  36 36  36 9201 37 9750 35 9639 37 9913 37 9745 37  39  4723 4771 
15 200 7009 8341 4945  36  35 36 6504 36 35 3394 35  35 1587 36  36  243 35 35  9915  35 36 35 6460 
15 225 4834 9798 35 36 36 5522 36 6770 36 36 37 35 8104  36 3842 35 37 1282 9687 8232 36 36 7843 36 9898 35 9731 35 37 
15 250 37 36 37 1986 6518 36 36 35 9677 5041  36 37 7249 37  291 2260 36 7499 35 36 4898 35 6610 35 36 2852 7754 7084 
16 50 35 36 35 5394 7463 36 6102 36 37 36 36 16 50 35 4946 36 36 36 37 9165 35 36 36 35 9022 36 9099 36 36 3410 5106 9455 36 5817 36 36 35 36 6150 36 6821 35 36 
16 75 37 36  355 37 3090 36 36 36 2531 35  1668 35 35 37 6203 4803 35 36 37 35 35 37 36 35 35 6706 4899 36 
16 100 6991 36 36 2595 6252  35 36 4834 5218 36  8063 7085 35 35 3171 7836  36 1731 36 4562 4867 4739 36 36 1347 3557 4866 
16 125 36 35 36 37 5835 8532 35 36 1571 35 36 35 36 2866 36  36 35 3251 36 36  37 35  186  36 36 36 
16 150 36 7065 35 7647 6884 5042 36 6281 36 4322 35 36 35 8988 4770 35 5503 6563 35 36 36 36 6116 8691 36 5774 35 35 36 35 
16 175 9252 5171 4915  2956 7167 35 36 35 36 38 36 36 35 5553 4819 36  36 2035 5454 7639  35  1672 4994 36 36 3698 
16 200 36 9028  36 35 36 36 3427 5107 36 36 4018 35 36 7155 36 36  36 36 36 35 36 36  35 3729 35 6680 35 
16 225 36 3411 36 36 7555 35 36 35 36  1095  36 1971 3826 36 35 6503 36 8943 5170 5250 36  35 35 2100 6150 5091 4819 
16 250 4947 36 35 2594 36  35 35 35 3538  36 36 37 6243 9767 37 35  37 35 5927 36 36 36 36 2387 36 36 35 
17 50 36 36 37 36 4515 35 35 2963 36 36 37 1619 3683 36 35 36 36 6377 5027 37 5804 36 6055 35 5862 36 35 35 35 35 
17 75 35 36 9722 36 36 37 6936 5131 36 36 1252 355 35 3378 36 35 1155 35 36 7501 36 36 2835 3763 36  36  52 2962 
17 100 36 8308 36 36 3395 4962 35 35 36 36 36 36 37 8930 36 6070 36  369 36 5952 4834 4818 35 35 6030 5138 36 8143 36 
17 125 35 8616 37 6115 5092 4963 5203 37  35 1379 4078 37 36 35 35 6923 35 36 3299 5346 7918 35 8877 36 36 8460 36 35 36 
17 150 36 9532 35 35 36 36 5811 36 35 35 36 5159  35 37 35 36 2260 3252 5170 5073 36 36 37 8048 7396 37 36 36 3283 
17 175 37 5859 4722 4770 35 6896 36 5165 7640 35 36 1315 35 2690 35 35 36 36 35 37 36 6225 35 6072 4930 35 35 3235 4866 35 
17 200 7060 36 8786 4978  35 36 36  35 36 36  36 2499 8093 35  1117 6825 36  36 36 36 36 35 4161 4977 6878 
17 225 35 6069 37 7301 36  35 35 4243 36 42 36  36 9200 37 35 36 37 1683 35 36 36 3859 36 6028 36 35 4664 36 
17 250 9543 35 36 37 36 4034  36 1620 36 3139 36 6655 5106 36 35  35 36 2627 36 36 36 1092 35  36 35 36 4050 
18 50 37 5714 5107 37 35 36 4131 7820 36  7510 36 35 36 4674 35 37 36 1428 1252 2452 36 36 36 2323 3267 35 8783 9622 37 
18 75 36 36 35 36 37 5832 36 36 36 9457 36 6095 4945 36 36 3459 36 7539 35 5361 35 36 36 36 35 8145 37 36 36 35 
18 100 36 5780 4866 35 37 7321 36 35 5266 4961 5059 35 36 2467 3538 35 6639 5586 35 36 38 3810 35 35 36 35 35 37 4179 36 
18 125 36 35 36 4210 36 6776 35 35 35 36 36 7649 36 36 35 36 5506 35 36 36 4786 36 8458 36 6734 36 9140 5108 35 7521 
18 150 35 6245 36 6487  36 37 5483  36 1460 3250 35  37 35 36 35 3651 36 5990 36 8947 35 35 4867 36 35 36 5767 
18 175 35  35 2387 3715 35 36 5802 36 37 36  36 36 4564 4899 36 7988 35 35 35 36 36 36 37 3507 9671 35 8867 36 
18 200 7472 35 35 35 35 35 36  36 36 36 3667 36 8180 7202 36 7010 5058 35 35 36 5936 36 37 35 7337 36 36 7326 35 
18 225 35 4962 36 36 3459 37 35 36 38 36 36 3715 35 36 35 36 5474 36  36 36 3923 43 35 8920 41 6968 5011 36 35 
18 250 36 36 2322 9555 35 7227 5074 36  35 2484 7073 35 36 37 3843 5138 36 36 2355 35 36 4772 35  292 1475 35 38 36 
19 50 35 36 35 2564 37 36 4354 36 35 36 36 36 35 36 35 35 37 35 36 36 7798 35 36 35 36 35 37 35 38 35 
19 75 2355 37 36 4146 5251 35 36 36 8605 52 6386 36  276  38 36 3060 4883 36 7644 36 7660 36 36 35 35 5694  36 
19 100 36 36 35 3700 5330 36 36 36 37 36 6694 35 35 3124 35 5663 5298  36 1621 36 6832 37 6538 7927 36 35 3154 36 36 
19 125 4450 35 36 36 36 36 36 35 36 37 35 36 36 36 35 35 36 36 36 4787 36 36 36 4195 8737 35 36 2564 35 36 
19 150 36 37 35 5952 36 36 5193 5027 5107 36 7251 37 36 3716 35  35 35 5533 4994 36 35 37 36 4035 36 35 36 5159 35 
19 175 7509 5268 35 35 36 36  35 35 35 36 35 9586 37 6247 37 35 36 36 37 36 5603 36 36 35 37 35 35 36 35 
19 200 35 36 35 37 5268 35 35 36 4339 4930 35 9897 36 6559  36 36 36 35 35 35 36 37 3666 5282 36 35 37 36 36 
19 225 36 3011 37 9806 9096 7612 35  4676 36 5615 36 35 36 35 39 36 35 36 37 35 36 36 3683 36 35 36 35 2915 35 
19 250 36 35  1368 5123 35 9858 36 36 3827 36 7468 36 37 8068 52 35 4610 46 36 5297 5058 35 7193 7781 36 36 3762 36 35 
20 50 36  38 4212 36 36 4034 36 36 3235 5057 35 6245 36 35 3027 36 36 36 4642 4930 36 6623 35 36 36 35 36 36 2196 
20 75 35 36 5945 5202 37 36 6548 36 35 36 3282 5090 7374 36 6688 36 7297 4915 36 36 36 37 36 5547 36 36 36 36 35 5755 
20 100 36 36 35 36 36 35 2467 35  36 35 35 7600 35 35 35 35 2435 4210 7872 36 35 36  36 36 3956 36 7054  
20 125 36 35 36 35 3091 36 37 37 36 36 5614 4963 37 35 36 35 36 35 6985 35 36 35 36 2610 5169 35 36 36 36 36 
20 150 6917 7405 36 36 3346 35 36 3521  35 35 36 35 35 3475 36 36 36 36 36 1859 35 5901 35 35 37 7193 5202 35 36 
20 175 3122 35  35 37 35 5929 36 9345 36 9844 4867 36 36  37 2243 5074 35 7826 8399 4932 36 36 36 36 36 36 36 3924 
20 200 35 36 35 3043 35 35 4067 35 36 2611 5186 36 36 35 36 3841 36 36 54 36 4658 35 6288 5185 36  248 36 4018 35 
20 225 36 36 36 36 6769  35 35 36 35 36 36 36 35 37 9110 5058 10013 5282 4977 5425 36 36 36 5582 36 36  36 35 
20 250 36 3459 35 36 35 35 6120 36 36 36 35 35 36 35 36 36 36 35 35 36 7516  35 1010 36 36 35 4465 35 35 
21 50 3683 36 6104 35 36 2291 36 36  1274 4946 36 35 3123 47 36 4514 36 6517 36 35 3666 36 35 36  36 36 2882 37 
21 75 35 36 36 37 35 7621 35 36 2803 35 4819 37 35 3283 36 35 36 35 36 36 4819 36 36 35 35 36 36 36 36 36 
21 100 6486 35 36 4466 36 36 35 37 36 1523 1987 35 5733 37 36 35 4323 35 36 36 36 36 5424 5106 4690 35 36 4594 36 6425 
21 125 4838 36 37 35 35 36 36 36 2179 3426 4803 36 35 3139 37 35 36 7321 35 36 2930 7670 35 36 36 36 36 5058 7718 36 
21 150 36 36 36 35 5740 36 6316 38 35 35 4370 35 36 36 4291 36 36 35 5297 4946 35 36 35 36 36 35 5292 35 5378 35 
21 175 36 35 52 35 4197 35 36 36 36 8124 36 8542 7907 36 6474 35 6463 35 35 2419 3154 35 5538 36 9171 5154 36 7289 5042 36 
21 200 36 3379 52 36 6616 37 7815 36 36 37 4514 4994 36 35 35 36 35 37 36 4371 37 7135 36 36 35 9789 35 7723 36 36 
21 225 36 36 36 35 36 5594 35 6794 36 36 37 36 2450 36 37 35 5581  37 36 4722 36 35 3826 7733 37 35 35  37 
21 250 3092 35 7326 35 35 35 7349 36 36 35 52 35 36 35 36 36 36 36 2404 35 35 35 36 35 35 4019 37 36 36 36 
22 50 35 36 5411 36 36 35 37 37 7960 4866 36 6512 36 7136 35 6581 36 7442 5010 4834 35 36 37 5592 4914 36 6246 35 35 3076 
22 75 36 7924 36 35 36 35 35 36 3251 36 36 35 35 37 6190 45 36 36 35 36 6869 37 54 5250 9088 36 36 36 6466 35 
22 100 36 35 6692 36 35 36 35 37 35 37 35 4307 36 36 3812 52 36 36 37 3202 36 36 36 5316 36 7100 36 7522 35 35 
22 125 36 51 37 5394 35 36 4050 36 36 35 5859 36 35 36 35 35 2660 35 35 3858 36 52 36 35 2770 35 6008 36 36 36 
22 150 3858 35 36 36 36 35 5409 35 36 5358 36 6556 36 36 36 36 4417 4931 36 36 5483 35 35 36 6689 4978 4995 36 37 35 
22 175 35 36 36 5010 36 36 4402 5201 36 4514 5139 36 6728 5073 4802 5074 36 52 36 35 38 8418 4963 36 7284 4979 35 7806 36 36 
22 200 36 36 3698 36 35 4274 35 35 35 6515 36 35 5026 36 35 6162 36 35 35 36 5057 4945 36 36 35 52 2612 36 36 35 
22 225 7721 36 36 3634 35 36 36 5026 35 7379 37 37 36 35 36 3314 35 36 35 35 3012 35 35 2244 37 4434 5170 35 36 36 
22 250 6686 36 36 36 6059 37 7814   35 36 35 36 2659 37 36 1603 36 36 36 36 35 36 35 36 36 36 36 6402 36 
23 50  35 53 37 51 36 35 36 35 36 2899 36  36 36 36 35 36 36 3666 37 35 3459 35 36 4579 35 36 51 36 
23 75 36 36 36 35 36 36 38 35 37 36 35 36 36 35  35 36 3538 35 36 35 36 35 7218 5106 36 37 6037 36 36 
23 100 36 3283 5011 36 35 37 35 5042 36 35 36 36 35 37 5581 5074 35 8792 36 7859 4994 5281 36 37 36 52 52 4002 36 36 
23 125 5907 37 9175 5057 5156 37 35 35 36 36 36 35 36 2562 36 35 36 36 8054 4819 8208 36 54 36 36 1348 36 35 36 36 
23 150 4961 35 6769 59 35 36 35 35 36 51 36 5568 5042 36 36 37 35 36 5431 35 35 3076 35 7654 4802 5266 35 35 2915 35 
23 175 6895 5122 35 7095 35 36 35 6462 36 35 36 36 35 37 7070 36 6944 37 36 5443 35 35 4850 35 37 35 6925 35 7410 36 
23 200 7340 35 36 37 8249 4930 5346 36 6752 36 6607 35 52 4002 36 35 36 36 37 36 35 3203 36 52 35 5672 8164 35 7376 52 
23 225 8309 36 7662 4994 36 36 35 8477 4995 4851 36 51 4305 36 36 36 36 36 35 36 2932  36 51 36 36 37 35 36 35 
23 250 35 36 5367 36 7789 36 7437 36 37 37 37 35 52 53 36 5892 36 7943 35 36 4258 36 35 36 36 53 35 35 52 7081 
24 50 37 52 36 35 36 36 52 5075 35 36 36 35 52 5029 35 37 4883 35 51 36 35 4674 35 7262 4867 36 36 35 37 36 
24 75 37 36 36 9419 36 35 35 35 36 4273 5170 51 36 51 36 52 36 36  36 35 36 36 35 52 36 53 35 36 7250 
24 100 36  52 1571 36 35 52 38 36 35 36 35 4227 52 6087 37 6927 36 6419 37 35 4931 35 6970 35 37 6874 4914 5426 35 
24 125 36 35 5797 5139 53 36 35 35 36 4802 35 6087 52 6770 35 36 36 36 36 35 35 3058 36 36 6769 36 7555 52 35 36 
24 150 36 35 51 36 36 36 35 36 52 36 36 35 6175 36 7474 35 52 36 36 35 36 36 36 2003 36 7577 35 35 35 53 
24 175 35 36 36 36 36 36 37 35 36 7152 5105 4930 36  37 36 5622 35 36 35 36 4691 37 7590 52 36 36 51 52 3458 
24 200 35 36 4258 36 7627 36 36 37 35 36 36 35 36 36 36 36 35 36 5075 40 36 36 4467 4851 37 35 3347 36 36 4002 
24 225 36 36 9321 36 35 35 37 36 35 37 8684 36 7381 35 36 2035 35 36 35 53 35 3778 35 35 3138 36 52 36 37 36 
24 250 35 35 35 3171 36 35 2675 4819 42 36 36 35 35 52 36 35 36 52 36 35 37 5329 35 35 36 36 36 35 37 5590 
25 50 35 36 37 6068 5042 52 36 37 36 36 36 35 2883 35 36 35 35 36 35 37 35 2914 36 36 36 35 37 36 36 36 
25 75 36 3075 35 36 35 6428 36 35 37 35 35 36 52 35 35 36 35 6922 35 36 37 3939 37 36 35 35 35 35 37 5320 
25 100 36 36 36 36 35 36 51 36 4849 4962 36 51 35 5041 4722 36 7847 35 35 52 35 35 36 35 5474 51 36 4275 37 6910 
25 125 4963 36 36 36 37 36 3138 36 35 35 36 36 52 36 3938 36 36 37 5465 35 52 51 37 36 7335 37 35 36 5101 35 
25 150 36 36 6568 35 35 35 36 36 36 5778 35 6371 36 36 35 36 35 36 6453 35 8037 35 36 35 35 35 36 36 35 35 
25 175 36 35 36  36 36 4722 36 36 36 36 36 36 3283 51 35 4770 52 51 36 35 36 35 36 37 51 36 37 36 36 
25 200 37 36 2403 52 6525 35 6866 37 7609 35 35 36 37 36 59 6520 35 6206 36 36 36 53 36 36 6935 5218 4914 35 51 36 
25 225 36 5524 35 35 35 5266 36 6996 36 6396 36 36 36 4513 35 52 52 36 35 37 52 35 36 36 36 35 3027 35 5032 35 
25 250 6752 36 7254 52 51 36 35 5907 35 36 35 36 35 36 36 36 35 36 36 6389 35 36 51 37 35 36 37 36 2963 5298 
26 50 37 35 36 36 36 36 36 35 37 37 9853 36 35 36 35 52 35 36 52 35 52 35  35 2994 35 37 4051 8009 51 
26 75 35 35 36 36 35 35 36 2387 35 36 52 35 36 36 3444 36 35 52 36 36 51 36 35 35 36 35 36 51 52 36 
26 100 36 51 36 6860 36 36 36 36 36 36 5458 36 35 8267 35 37 36 38 2643 3251 4786 35 35 36 36 35 36 35 36 35 
26 125 36 5251 5347 36 35 36 36 35 35 36 52 35 51 36 35 36 3908 36  36 52 36 6753 36 35 36 36 37 35 35 
26 150 36 36 36 35 35 35 36 36 4018 36 36 52 36 35 36 4722 51 35 36 36 35 36 36 5863 35 52 35 35 52 37 
26 175 37 52 8097 35 35 35 35 8763 37 35 4851 36 35 36 8828 4849 36 36 36 7023 35 36 36 35 35 35 51 35 3730 36 
26 200 7086 36 36 36 35 36 35 36 37 52  36 35 3251 37 36 36 9160 5233 35 35 36 35 36 36 2722 35 37 35 6145 
26 225 52 35 36 5426 5090 4849 35 35 35 36 2131 36 36 35 6454 35 35 35 36 35 52 35 36 35 36 51 35 36 35 36 
26 250 37 8408 35 37 36 36 37 36 36 36 35 35 52 35 36 36 35 36 5171 4899 4995 35 35 3571 36 36 52 35 36 52 
27 50 53 36 35 35 3011 35 37 4290 36 35 35 36 3428 5123 37 35 36 35 35 36 35 36 3314 4993 35 36 35 51 36 36 
27 75 3588 36 35 4181 36 35 51 37 52 3315 37  36 37 35 36 36 35 36 37 35 36 37 51 5550 36 36 36 38 35 
27 100 4851 36 36 35 35 6003  36 35 36 36 2083 35 36 35 5504 7015 35 36 35 5218 51 35 36 6245 53 36 36 35 5572 
27 125 36 36 36 36 36 5275 35 37 36 35 36 5587 36 36 4290 51 35 36 52 35 37 36 36 36 36 51 3045 42 35 36 
27 150 36 35 35 35 36 35 35 35 5188 36 36 37 36 52 5105 36 36 35 36 51 52 36 3970 52 36 36 36 2402 36 37 
27 175 37 6139 36 35 3923 36  36 35 52 2562 52 35 3218 36 36 36 6631 35 7194 35 8011 36 37 7833 36 35 36 36 36 
27 200 35 35 36 3619 35 7199 36 37 36 36 35 3826 35 7910 36 51 35 36 1492 3891 4834 35 6890 4914 36 36 35 37 36 52 
27 225 36 7263 38 35 36 5812 9817 35 35 35 52 51 51 35 36 52 36 37 35 52 35 37 52 36 36 36 53 35 35 3843 
27 250 5107 35 7605 36 37 35 35 2882 35 36 3234 7671  51 4195 36 6566 5266 35 36 4371 36 36 4418 36 7455 5025 36 37 35 
28 50 36 36 36 7610 36 35 36 35 4403 36 51 35 35 36 36 36 35 3954 52 53 36 6922 36 7703 36 7787 36 36 36 36 
28 75 52 36 36 35 3491 36 36 4835 35 36 52 6002 36 7667 51 37 2946 36 37 52 36 36 36 35 3970 4787 52 35 4049 36 
28 100 35 36 36 3411 37 36 35 37 35 36 51 38 35 52 35 35 53 35 36 2579 52 7957 36 35 3267 36 36 36 35 52 
28 125 6203 36 36 4018 36 36 35 5378 51 35 37 5155 35 35 4210 36 36 35 37 35 35 38 2883 36 35 36 5258 35  35 
28 150 35 4595 52 36 35 5450 4867 37  36 1973 36 52 36 4690 36 53 35 35 35 38 36 36 51 36 5725 36 36 35 36 
28 175 35 36 36 9884 35 52 35 2307 35 36 4210 35 35 3858 36 35 4082 5107 5042 4898 52 36 36 35 37 35 36 36 37 37 
28 200 36 36 36 36 6001 35 37 51 36 35 52 1636 36 36 36 35 35 36 35 36 36 53 35 36 7485 52 36 36 35 37 
28 225 35 53 36 35 35 36 36 52 36 35 36 5313 35 36 3348 36 36 35 52 6525 36 36 36 36 36 7349 35 52 35 35 
28 250 35 36 35 37 36 35 36 37 35 36 37 37 35 5065 36 36 35 7411 35 35 35 6255 5347 36 35 3730 4802 35 36 35 
29 50 7360 36 36 36 6156 4881 35  35 36 5459 36 36 5956 36 36 36 7093 51 36 5191 35 35 36 6506 36 35 35 35 36 
29 75 36 36 37 35 35 36 36 5300 37 36 36 36 36 34 52 52 5346 36 35 36 36 2867 51 36 4387 52 35 36 37 35 
29 100 36 35 36 36 5342 4867 36 35 4851 35 35 36 35 52 4098 51 35 51 36 52 37 36 35 36 36 52 9069 52 38 37 
29 125 36 35 4595 36  36 36 36 36 4291 51 7901 5106 36 7275 37 35 36 53 36 35 5267 36 35 51 36 7865 5121 5090 36 
29 150 36 35 35 51 6303 35 7673 36 35 35 52 35 36 36 36 52 5315 36 5944 4914 36 6431 37 35 36 35 36 36 35 36 
29 175 35 38 35 36 6318 35 36 52 36 36 38 35 5139 35 35 35 6079 35 9013 35 6743 52 36 36 36 36 36 36 4211 51 
29 200 36 3572 36 35 38 36 36 36 35 52 35 36 37 36 35 37 37 5264 36 36 35 36 35 2483 4962 35 7193 37 35 36 
29 225 36 36 36 7110 51 36 36 36 35 35 5314 52 36 52 36 2100 35 36 36 5026 52 35 3619 36 36 36 5953 35 36 36 
29 250 35 35 35 36 36 3219 39 35 35 51 36 36 35 35 4371 36 52 3890 36 35 36 6312 35 37 3794 36 36 52 36 36 
30 50 4962 53 6825 36 7451 36 36 36 5747 36 35 35 35 2996 36 36 36 36 35 36 52 38 35 2210 36 37 35 35 2259 35 
30 75 36 35 35 52 35 6078 36 52 36 36 36 35 36 9031 36 35 37 5806 35 35 35 36 51 6277 36 35 36 35 36 6790 
30 100 4786 35 52 36 36 35 36 35 8617 35 36 35 36 37 36 37 36 37 35 5810 36 35 35 6501 35 35 36 38 36 35 
30 125 37 7403 35 6945 36 7466 36 7457 35 37 4050 5122 36 36 35 53 36 5218 51 36 37 52 53 36 36 51 35 37 36 37 
30 150 7248 35 35 35 35 38 35 36 53 36 36 35 52 36 5890 35 52 37 51 36 35 35 51 53 51 36 3986 37 36 35 
30 175 4003 36 36 36 36 3106 36 36 36 37 35 35 36 35 52 3604 36 7631 52 6265 35 36 52 7963 54 52 4307 52 36 36 
30 200 6549 35 37 35 7533 36 35 36 35 35 2003 36 4642 36 36 4530 5058 36 35 4131 35 35 37 6607 35 36 35 37 36 35 
30 225 37 35 35 36 52 36 6713 35 35 35 35 36 5138 4705 35 36 53 36 37 35 2004 36 5808 36 35 37 35 36 35 35 
30 250 36 4338 35 51 35 3427 51 36 6906 36 37 35 39 35 37 52 36 36 36 36 36 36 36 36 36 35 36 36 35 35 
