15 50 2420 X X X X X X X 1915 X 737 3941 X X 757 251 155 1651 X X X 4189 146 X X X X 1994 X 2466 146 X 473 145 152 8517 148 2094 162 X X X X X X 9134 154 2646 X 6085 X X X 4216 X X 739 376 748 X X 3302 897 1842 1211 940 2991 2160 162 6092 3010 258 259 365 147 2768 1522 790 561 147 152 148 255 
15 75 149 154 618 150 X X X 5214 X X 5364 X 2013 9301 X X 9896 145 X X 5490 5330 306 2018 X X X X X X X X X X X X X X 4928 X X X X 4925 150 146 1830 770 1543 153 162 1741 162 150 X 7545 X X X X X X 8653 X X X X X 3600 X X X X X X X X X X 1999 305 146 X X X X X X X X X X X X X X 3123 X X 9010 X X X 6031 9689 151 X X 9734 1662 1292 455 610 776 1648 317 1326 1472 X 155 X 145 3782 
15 100 X 619 5327 2769 2435 361 4229 750 535 952 535 3896 561 146 979 1469 5909 147 X X X 1700 X X X X X X 8360 3848 X X 147 488 X 4769 X X X X X X X 149 X X 5220 2039 147 3313 8427 X X X X X X X X X X 3564 X 145 X X X X X X X X X 3027 X X X X X X X 1709 X X X X X X X X X 9843 X X 7232 X X X X X X X X X X X X X X X X X X X X X X X X X X X X X X X X X X X 147 145 7938 X X 649 X 2858 X 8878 523 X X X X X X X 150 1801 146 X 150 X X X X X 148 147 X X X X 146 X X X X X 584 
15 125 402 144 153 413 158 158 410 X X 6379 2000 6651 2757 X 1206 X X 6815 X 3792 145 2255 146 X X X X X 4087 145 X X 1795 X 507 X X X X X X X X X X X X X X X X X X X X X X X X X X X X X X X X X X X X X X X X X X X X 8066 X X X X X X X X X X 2720 X X X 7105 150 X X 6200 X X X X X X 140 156 X X X X X X X 148 146 1312 147 X X X X 146 X X X X X X 1625 916 915 920 X 151 147 X X X X X X X 150 X X X X X X X X X X X X X X X X 8215 X X 678 147 X X X X X X X X X X X X X X X X X X X X X X X X X X X X X X X X X 4680 2327 146 403 1650 146 152 
15 150 X 148 X X X X 3152 X X X X 3375 X X X X X X X X 9259 1981 753 450 147 766 151 5073 3325 146 145 X X X X 177 146 X X X X X X X X X X X X X X X X X X X X X X X X X X X X X 3781 146 4229 881 X X 3070 X 2947 X X X 7657 X X 460 5168 8978 X X X X X X X X X X X X X X 7124 145 9457 770 145 758 459 2822 X X X 145 X X X X X X X X X X X X X X X X X X X X X X X X X X 147 145 X X X X X X X X X X X X X X X X X X X X X X X X X X X X X X X X X X X X X X X X X X X X X X X X X X X X 464 X X X X X X X X X X X X X X X X X X X X X X X X X X X X X X X X X X X X X X X X X X X X X X X X X X X 4637 1058 146 X X X X X X X X X X X X X X X X X 146 X X X X X X X 153 X X X X X X X X X X X X X X X X X 1082 X X X X X X X X X X X X X X X X X X X 4518 X X X X X X X X X X X X X X X X 1481 X X X X X X X X X X X X X X X X X X X X X X X X X X X X X X X X X X X X X X X X X X X X X X X X X X X X X X X X X X X X X X X X X X X X 150 463 X X X X X X X X X X X X X X X X X X X X X X X X X X X X X X X X X X 148 146 
15 175 X X X X X X X X 2529 2636 X X X X X 6773 X X X X X 1078 X X X 151 146 6195 2226 5701 6070 3249 2155 150 152 147 2143 162 151 X X X 1733 3279 158 156 7114 2289 146 X 7443 4047 866 7967 145 X X X X X X X 2919 146 145 144 X 2226 9970 1218 4505 863 141 149 X X 925 X 8207 X X X X X X X X X X 6505 X X 860 147 X X X X X 146 5511 X X X X X X X X X X X X X X X X X X X X X X X 5697 144 
15 200 153 146 4068 9407 145 1852 4404 553 146 2201 157 2286 7442 X X 3709 4096 961 146 2179 160 556 553 147 555 146 1305 7248 X X X X 161 2697 X X 153 3329 551 X 9749 4578 146 152 X X X X X X X X X X X X 147 4276 X X X 146 3418 1480 145 X X 4835 X X X X X X X X X X 9410 X X X X X 7268 X X X X X X X X X X X X X X X X X X X X 2304 2588 X X 7962 X X 6870 X X X X 148 146 
15 225 X X X X X X X 6499 X X X X X X X X X X X X X X X X X X X X X X X X X X X X X X X X X X X X X X X X X X X X X X X X X X X X X X X X X X X 6503 147 X X X X X X 951 X X X X 2895 X X 146 X X X X X X X X X X 148 146 X X 2603 X 6882 158 X X X X X 9331 3159 151 152 X X 2378 147 1327 7563 147 145 1057 604 1324 153 610 1155 669 1058 922 610 1054 2169 1992 X X 4375 X 149 146 1041 1025 1067 610 609 834 1203 2050 1058 3693 147 594 822 
15 250 146 657 145 162 147 3772 1665 972 151 147 147 658 146 4630 658 147 146 145 1831 1170 1665 1316 146 657 146 145 2209 147 1918 1170 658 658 1095 159 147 1665 1722 1708 2263 1528 147 1981 1387 658 4029 1951 1258 150 1154 528 
15 275 X 3435 2620 146 148 145 X 715 709 1267 4178 X X 707 1630 3211 146 2064 1725 3127 146 2454 1810 3333 147 146 6414 149 8109 145 146 1265 8797 705 146 1266 4319 146 2116 145 145 1810 7185 145 146 1826 147 8535 146 1962 1859 707 1380 706 
15 300 146 9084 X X X X 8438 150 6268 753 145 X 1362 3137 3495 2100 8207 2093 X X 145 755 5103 3059 2959 3246 X 1564 624 9291 4621 3920 754 756 6525 X X X X 147 X 143 755 X 8762 147 X X X X X X X X 151 151 X 148 6286 6849 1580 14 X 151 146 147 3665 2719 146 8956 3205 147 144 146 
15 325 147 146 1814 802 3151 2175 4383 1587 750 840 6112 3372 X 8838 1435 1584 2007 8357 801 146 X 7943 154 146 1457 803 803 146 1597 1373 7774 917 2732 799 3333 801 1499 1552 1539 803 3530 1764 2783 3766 153 6181 5888 2446 146 1579 146 905 
15 350 X 2015 147 3677 146 5154 X 8982 9329 2135 3989 X 5653 X X X X 145 145 3253 3294 146 2634 7723 7132 145 163 849 1553 997 848 957 1367 1756 1569 1924 8568 5211 2262 7485 851 2126 144 2258 154 3667 7623 4369 145 145 851 847 1859 5349 850 1484 1052 
15 375 2417 1036 4754 897 1122 159 3861 1473 4386 7122 3458 4956 5103 913 152 3251 150 4483 2082 4536 147 146 4885 153 2127 X 1441 9572 1831 1183 1332 146 X 8375 146 151 1090 3210 1666 154 X X X X X X X X X X X X X X X X X 6048 X X X X X X X X X X X X 4257 X 6908 X X X 6771 X X X X X X X 915 X X X X X X X X X X X 3369 X X X 4805 X X X 145 150 148 146 X 7933 
15 400 4581 152 147 X 4840 146 5168 962 2624 X X X X 151 X X 4332 X X X X X 1990 X X X X X X X X X 146 X X X X X X X X X X X X X X X X X X X X X X X X X X X X X X X X X X X X X X X X X X X X X X X X X X X X X X X X X X X X X X X X X X X X X X 1084 X X X X X X X X X X X X X X X X X X X X X X X X X X X X X X X X X X X X X X X X X X X X X X X X X X X X X X X X X X X X X X X X X X X X X X X X X X X 8314 X X X X X X X X X X X X X X X X X X X X X X X X X X X X X X X X X X X X X X X X X X X X X X X X X X X X X X X X X X X X X X X X X X X X X X X X X X X X X X X X X X X X X X X X X X X X X X X X X X X X X X X X 7302 6472 2671 146 6384 147 1761 2562 958 X 4307 961 5617 961 3760 1909 962 4129 152 4073 2571 958 3478 2480 1197 3808 962 1118 158 1925 2563 3785 151 961 146 963 1032 
16 50 399 258 353 289 1051 369 818 351 257 257 657 142 898 145 370 258 967 673 149 465 151 570 568 146 369 146 161 353 897 258 257 451 147 145 466 259 354 256 681 259 441 145 1471 147 354 439 1107 1686 258 1565 
16 75 473 466 1338 768 708 467 468 305 1019 155 1174 154 146 770 161 356 305 1251 145 159 148 2161 299 1361 932 449 307 146 306 610 356 917 467 771 1236 1178 307 754 1234 145 305 797 156 816 318 147 609 1775 763 147 
16 100 981 145 830 1839 2726 1233 146 141 354 151 549 550 354 355 354 431 355 1146 769 586 1599 147 1037 1173 553 347 1182 364 1205 562 354 533 1188 562 561 1038 151 145 154 766 146 161 1194 354 1264 562 352 151 146 562 
16 125 629 402 145 153 421 629 657 659 163 657 147 768 313 402 652 146 143 657 143 659 2104 402 156 146 917 1398 996 401 430 1585 1487 658 402 697 1428 979 147 404 571 149 402 1424 651 403 913 2434 649 909 161 1501 
16 150 1467 771 146 2020 1941 466 1238 3054 1616 2032 1075 1059 145 140 1047 451 2794 2017 2062 147 465 2962 146 1296 16 539 145 451 3494 2367 660 1198 450 150 4810 755 1438 939 147 451 146 450 146 758 451 152 141 450 753 465 
16 175 1323 516 2271 3216 154 153 5753 1620 1570 146 3192 5816 1988 148 146 4294 3489 146 2253 6195 2446 146 145 2188 3671 147 500 569 1103 147 963 5301 145 1297 970 2786 2256 514 147 3649 151 514 498 2078 866 4343 4548 620 867 6453 
16 200 5787 562 1046 427 2154 554 145 2134 1947 154 563 4476 2786 546 702 546 152 2376 563 1484 1484 1501 156 591 952 149 147 148 3060 1011 3350 1664 1811 1362 2360 1124 961 1675 2145 3406 1051 576 2797 1181 2831 962 2468 150 735 146 
16 225 610 4018 146 2025 1306 3003 3361 1310 3469 605 671 610 624 2511 600 2714 609 1178 146 3253 2883 1523 1306 5078 610 594 1506 1226 609 610 1057 9025 146 146 605 1526 1057 604 598 1756 1156 614 164 610 153 141 610 1629 146 398 
16 250 1153 146 1337 3405 146 657 678 146 1625 1327 657 4965 153 832 659 2104 707 145 152 9384 658 148 146 659 659 1062 3621 1665 1035 162 147 4792 659 145 146 147 658 149 657 146 657 657 1154 660 146 151 148 147 1153 145 
16 275 3077 147 1851 145 4874 716 1249 2702 706 1822 147 4782 152 3469 707 145 705 1269 1265 1273 1535 145 705 4478 715 147 156 2042 705 706 700 1811 985 3396 2367 3995 X 1256 1126 3908 1266 1268 152 2275 146 3048 2403 706 2751 145 1933 
16 300 160 152 147 1371 1363 754 147 6110 X 146 941 4022 1880 3663 753 1969 5759 3634 2574 6784 753 1919 4870 146 4020 5157 755 2876 1159 753 3462 6695 759 760 1017 3178 1360 5383 1363 145 754 754 147 7312 145 146 2576 753 857 842 1362 
16 325 163 145 4501 3261 671 803 145 4659 796 2769 3150 802 149 671 145 146 1632 1847 670 147 804 805 X 805 3354 146 1156 813 5605 1456 801 6218 802 1408 2899 147 1422 153 1458 1543 4600 1476 147 5012 2740 161 2089 159 152 1376 670 
16 350 1595 2633 3999 2417 3901 145 865 2396 6404 3274 850 146 159 4422 1553 851 851 146 3038 146 2476 1553 4959 148 147 146 2262 2895 3123 852 3148 3256 4684 146 161 1687 146 148 850 147 2714 5164 850 1903 1000 2436 852 145 861 146 
16 375 1665 160 5864 3240 6733 1235 915 147 1762 2350 898 147 933 162 1650 3992 149 2061 3105 898 146 146 1549 5465 2488 1770 2799 2417 2178 145 6235 1666 146 5066 147 975 899 1171 912 914 897 4266 3882 3768 3584 2379 146 2707 2418 1240 
16 400 2867 962 1642 2013 1143 2550 146 748 2321 3143 5375 964 947 147 146 978 744 2143 962 8683 1464 149 146 X 2907 3589 4189 3856 1762 1188 3619 4359 2160 151 146 2333 147 3986 1595 2201 5600 1872 1762 146 2561 961 933 147 3085 4239 154 
17 50 362 269 340 144 258 898 354 151 941 257 564 150 515 256 536 1313 265 142 786 150 258 147 465 353 581 788 146 354 148 285 146 262 779 146 465 271 1388 895 257 362 369 157 147 357 1004 354 889 997 1600 359 
17 75 146 467 147 781 155 450 145 610 147 147 1637 146 612 146 756 604 450 993 907 467 150 151 651 146 146 638 1680 147 785 145 466 609 145 1128 145 1281 610 145 611 147 153 149 537 610 931 1030 154 609 1249 149 
17 100 1137 1784 1645 1793 146 1081 962 354 354 352 604 353 769 2142 423 769 1038 553 978 770 3855 1084 1142 626 160 354 962 754 1469 1637 2556 352 354 147 147 977 145 670 351 388 675 355 1865 1579 563 354 162 772 145 1418 
17 125 412 408 1170 829 2810 657 413 401 402 161 1066 2771 1358 152 917 407 405 836 145 1945 474 1030 162 915 403 402 409 467 403 914 143 148 406 297 658 402 913 564 398 403 663 404 148 404 415 2784 658 402 407 146 
17 150 455 838 769 145 150 1158 1377 753 1061 1713 808 1373 704 1540 451 451 753 147 1094 582 754 145 454 1069 770 146 449 1941 147 449 770 466 777 842 152 149 450 1021 145 146 449 145 155 146 465 1854 831 450 1042 754 
17 175 1807 1233 1247 154 1440 3205 1338 147 146 145 511 147 146 147 4798 145 684 956 1994 1803 146 509 148 513 1935 1085 151 2645 2365 512 2380 1207 1574 1485 815 1843 145 146 1595 147 936 515 971 864 146 870 498 153 2264 498 
17 200 1372 562 2034 155 159 563 1362 735 145 562 153 585 1393 158 562 146 2238 2090 2593 1714 564 145 1761 953 2170 1905 1587 1473 6514 1564 896 364 961 1361 1811 563 931 142 147 1368 146 553 963 731 421 145 146 147 142 961 
17 225 1222 148 1007 609 2291 1523 1521 152 2670 1136 659 1057 1057 2183 1100 1516 1378 594 1969 609 2192 854 140 602 717 610 2612 153 1057 1122 2562 145 1065 610 153 1449 1074 1523 1129 1055 1479 1264 1961 2048 1067 1600 1537 955 146 2228 
17 250 658 1665 146 1153 657 147 1665 657 2354 1205 4191 1064 1828 1153 148 1531 145 1240 662 872 957 162 146 1211 2394 1382 663 146 147 2857 1102 1736 4116 146 679 930 145 1159 146 1427 1665 161 1665 146 3045 816 146 162 164 1917 
17 275 1758 6065 430 3127 150 146 151 1267 2370 158 1934 2234 1338 636 147 4043 1824 2093 1631 150 146 2629 4379 152 1266 146 152 162 707 705 157 145 1880 156 2999 698 704 1827 4775 147 801 4697 1265 732 145 705 1420 706 2262 4312 
17 300 163 7117 8193 147 2683 147 X 750 2460 2193 152 145 753 146 1969 2839 6705 145 147 158 1363 754 1674 1765 5838 157 3666 162 3518 2428 827 754 1411 147 1123 3878 1460 1180 3227 151 151 1361 754 4421 2957 2565 146 1969 145 4182 2601 
17 325 1586 1410 147 1826 486 1249 4033 2113 1261 3370 802 4370 1325 1458 2122 1789 802 16 1552 803 3317 2274 146 3028 148 1730 3238 1266 152 5526 1037 1567 2233 147 802 146 6824 801 1480 2111 7592 6729 672 802 147 817 801 1970 2174 147 
17 350 1553 2473 154 5385 2374 1048 2257 2191 145 147 3558 1028 1195 7689 145 1899 3464 147 150 2912 146 154 152 146 162 1611 848 850 846 4092 3273 146 145 1320 1967 1664 4862 851 147 852 850 981 850 860 2298 145 2320 4341 146 6010 
17 375 147 4505 146 2559 147 1353 3423 1253 4269 145 4596 151 1314 3947 146 2742 6527 991 151 2934 908 993 1234 1900 2992 913 684 4241 1667 3824 145 145 146 4502 149 6133 2343 146 1667 145 146 146 161 1895 148 4815 5153 913 2417 900 
17 400 3143 1761 961 1762 2861 2216 962 146 146 147 962 154 147 146 145 3279 961 2556 2083 156 963 2203 1782 963 613 4228 146 147 146 5038 1688 1108 146 5959 156 2774 1213 2245 146 145 1426 158 962 2178 961 162 147 146 4074 967 
18 50 820 148 147 353 145 354 258 380 152 718 259 258 466 356 258 158 371 145 897 152 143 354 147 145 575 147 258 1505 161 152 146 145 362 259 258 146 258 155 258 354 362 257 292 353 319 495 288 148 366 367 
18 75 476 145 467 148 144 145 306 439 466 611 148 891 161 466 933 302 465 147 306 1394 305 146 1467 625 621 1380 1504 1090 722 298 308 315 146 155 476 453 414 613 466 305 146 706 770 305 163 619 145 769 147 145 
18 100 146 1213 366 1459 784 686 955 146 153 145 2353 1182 1916 561 145 154 761 1597 562 354 317 769 354 149 354 563 561 560 353 145 539 161 153 1992 355 559 562 876 146 561 353 557 3316 147 637 1325 2000 561 147 771 
18 125 449 910 658 1553 915 654 1170 152 417 144 146 1499 402 146 401 501 152 1214 1300 793 147 1170 161 1428 767 401 1028 403 155 416 429 158 913 652 514 455 401 630 1868 428 608 146 437 923 476 560 162 403 658 1001 
18 150 450 451 1924 1788 145 451 162 158 146 755 468 465 157 766 145 1841 449 633 1314 456 151 451 450 153 1356 154 465 551 160 771 158 753 147 155 894 762 149 152 754 1429 1058 1074 1092 145 146 1058 146 1147 2357 451 
18 175 867 514 648 534 1384 2262 144 4060 1445 1765 514 613 1415 591 156 1787 2089 147 866 865 3098 149 513 514 3955 862 1570 2726 161 504 1027 147 980 1569 507 148 154 141 153 984 1993 1217 147 1988 850 161 1569 147 1842 1480 
18 200 146 562 532 629 562 3098 561 558 560 955 1803 562 962 563 146 1506 3655 2789 1421 961 152 401 637 143 149 1774 637 146 565 558 147 963 2293 962 1922 1046 162 1052 1408 159 145 160 146 793 961 2537 7451 155 1599 961 
18 225 1889 610 150 1476 1177 162 158 978 609 1566 147 146 609 1057 869 1970 609 756 976 1710 148 1231 610 1548 1260 2387 148 610 161 152 609 1418 1058 1059 147 1057 162 611 1059 660 1237 1096 1135 611 1693 147 610 1058 148 147 
18 250 660 749 1662 143 1170 2763 5351 1170 823 1153 2786 1880 147 657 150 146 1292 657 154 2406 147 1807 656 2449 2964 154 679 759 1161 146 642 147 3078 2066 1206 656 688 163 2052 151 145 2275 146 146 654 1147 15 657 606 3787 
18 275 152 1810 1605 145 151 4674 148 4918 2444 707 145 1172 2010 147 2496 1327 706 706 1270 1268 1738 1532 1259 714 1258 742 1267 1615 706 705 3187 1509 149 147 2088 146 1054 3578 706 2681 4161 706 146 151 2725 761 2821 2134 160 151 
18 300 161 1159 X 1623 15 2049 1019 1970 754 2562 147 2326 755 3067 2429 1736 156 4164 147 753 5105 755 1361 754 146 3734 3970 4325 5097 146 1362 4656 1930 1731 3502 146 2235 161 145 1361 162 752 1948 146 1884 755 2336 623 157 2194 4828 
18 325 813 145 1458 665 146 1814 803 732 152 3859 153 891 156 2809 4204 801 906 1591 2908 145 3868 1717 4081 145 2666 802 2467 1459 526 3370 671 801 2193 802 802 145 1261 160 2780 147 1578 1849 3927 3805 2162 146 147 154 801 142 
18 350 2237 147 865 1436 3425 5172 850 866 1040 1620 986 145 1773 146 4546 1796 145 2051 866 145 145 850 919 146 162 929 147 1454 3780 147 145 1698 3372 1682 2182 850 2431 3382 2830 804 150 147 145 145 4239 146 1184 1555 2938 1157 
18 375 146 1669 4775 913 3612 2128 3395 7692 2081 146 1238 1034 1665 X 2044 5521 914 2202 156 146 899 149 3295 897 1234 146 5112 145 158 146 151 6254 4315 1839 2408 2203 1163 146 3928 3115 146 1418 1617 1639 1581 914 X 2430 4892 9193 146 145 
18 400 4582 1587 1802 962 151 2672 2247 1204 162 962 962 157 145 961 162 1644 8637 162 2803 945 146 3146 146 161 1742 152 151 1170 2431 4183 929 5511 3432 1150 964 5431 146 1761 157 146 1103 960 1956 962 146 147 2567 719 3829 146 
19 50 267 259 252 221 155 146 259 145 670 153 1245 345 575 505 364 675 145 163 359 704 355 794 147 161 158 151 146 356 252 146 384 362 1026 259 527 146 465 470 155 146 370 466 151 355 149 259 257 468 146 353 
19 75 1608 151 307 150 162 1234 307 149 306 451 146 487 495 306 158 145 307 146 762 301 2161 605 154 146 307 1655 1370 306 451 151 385 158 370 300 466 1090 425 306 464 145 146 157 146 155 147 588 156 163 769 916 
19 100 16 146 355 355 1037 419 770 146 145 770 157 355 638 465 360 403 759 352 552 432 770 146 146 771 495 2846 353 574 785 353 147 329 562 145 146 349 1171 566 354 1327 146 149 161 145 1117 562 2617 145 961 564 
19 125 659 731 402 1465 402 673 416 402 403 658 533 914 148 600 142 162 146 148 418 146 146 402 404 847 402 480 402 417 148 1081 914 551 149 658 154 1175 145 148 490 402 915 664 418 402 648 149 673 448 163 499 
19 150 146 450 153 2036 156 2225 146 147 450 1447 163 147 428 854 771 1289 145 146 152 1440 466 465 1937 146 753 785 145 159 162 162 1378 449 145 145 2736 146 465 146 1059 755 1619 1737 1738 453 467 754 144 148 357 410 
19 175 513 151 908 1290 147 147 157 971 1012 863 1983 145 756 148 3164 2763 1864 146 163 1562 145 4699 159 500 2227 147 1151 1069 504 3222 150 514 158 1871 162 161 3680 2238 513 146 2518 1417 865 146 146 512 2065 1217 2029 955 
19 200 2808 718 638 2954 145 964 641 1002 146 4039 643 145 147 146 564 147 145 146 162 697 1781 976 1818 161 162 151 678 156 146 156 562 1218 561 1689 545 961 1362 561 613 561 562 1007 146 977 3938 1777 15 5660 145 147 
19 225 1170 146 681 559 155 964 606 146 609 1486 1572 604 754 610 145 1830 148 609 1057 1911 618 605 145 2480 886 1093 611 146 150 595 1059 1516 150 621 882 145 145 1597 147 594 1195 147 147 2390 610 603 153 142 1057 1531 
19 250 664 4517 145 1088 659 659 658 145 4011 658 4236 155 1170 763 1938 145 658 1954 1170 153 658 163 163 955 654 1207 146 152 1064 1659 658 2219 1493 3642 2066 2874 147 163 2167 688 148 2156 146 161 2288 619 1428 527 1879 658 
19 275 780 161 154 147 6001 160 2072 705 5206 147 146 2057 706 158 146 1359 145 707 5550 157 781 1265 3023 1049 706 1540 1991 837 145 162 146 4090 2657 145 2701 160 3745 153 2121 1663 3164 146 147 3874 825 1984 1315 2238 2625 706 
19 300 153 2748 1365 1460 1159 3498 844 3421 754 1230 X 3469 756 754 2613 454 146 146 1361 3379 1362 2537 1964 3187 146 145 1371 1887 1895 754 148 981 3276 754 1266 1197 149 147 757 3353 146 155 2852 2762 146 754 3023 3675 147 1970 151 
19 325 147 802 1939 163 2755 671 1815 1897 1432 156 145 146 147 805 161 1458 1208 960 2574 2572 3328 145 802 1854 147 1370 2132 154 808 147 2462 149 4312 3174 148 998 1890 147 155 3790 162 145 147 801 801 146 147 3180 161 1933 
19 350 968 147 2794 867 146 870 147 4134 2028 2141 909 1614 147 4531 147 1835 154 162 152 1569 147 1616 1970 149 1994 3500 930 147 146 151 1079 154 163 145 6234 3186 146 1553 2369 1516 155 147 158 2925 3316 148 857 147 161 583 
19 375 1666 2589 3916 1133 147 3034 4287 146 151 1653 3821 2265 2678 914 147 5842 915 4393 3206 152 3022 914 2835 1366 145 852 162 6869 147 6923 1654 147 162 6118 2454 3392 162 5148 1264 1667 898 2003 912 1347 153 1234 1555 148 901 2131 
19 400 1351 145 147 961 5061 962 150 4777 5809 147 145 2358 163 826 1265 146 5505 146 3569 2161 962 3838 180 962 145 146 X 964 2444 1523 961 2402 147 2025 161 4622 145 2061 912 3219 2351 147 3337 157 145 3884 146 145 4922 162 163 
20 50 162 178 369 161 693 329 158 147 258 205 260 156 259 145 160 162 324 258 161 467 146 466 162 146 148 258 262 145 355 271 153 150 162 257 555 259 159 506 258 501 154 370 1069 147 146 537 162 257 156 355 
20 75 148 1210 480 162 150 305 309 145 146 965 859 147 145 447 736 316 305 1031 300 306 1464 544 1235 147 932 145 145 307 150 449 307 558 158 772 450 315 306 148 342 465 1205 306 146 1208 146 306 305 145 306 922 
20 100 1445 146 164 160 268 766 827 411 362 146 147 154 146 638 380 149 1050 152 146 361 150 162 154 158 157 354 156 147 353 977 356 2055 2023 561 145 146 542 353 152 1734 431 563 147 359 146 560 145 354 148 13 
20 125 147 1062 146 403 418 417 146 797 491 453 403 146 401 760 156 498 146 565 159 401 797 147 869 924 337 1630 147 146 145 146 428 145 146 1537 629 147 418 402 160 147 1374 159 269 553 417 147 729 162 2283 409 
20 150 451 467 690 1069 162 479 146 769 161 1999 1683 1076 145 145 758 1539 470 754 160 146 449 155 147 146 770 402 160 831 2184 148 461 140 150 1057 638 1761 145 2212 776 466 765 450 451 467 154 879 450 145 1008 451 
20 175 162 162 1302 1650 148 1031 2148 497 161 514 152 514 514 152 513 970 162 1801 893 146 147 514 592 145 147 1777 4706 165 145 1418 518 4333 843 148 145 145 866 3038 146 1687 1100 146 514 2978 497 146 155 498 2617 3534 
20 200 3447 1919 145 147 147 4529 356 146 1442 560 1606 1286 961 2328 146 158 145 987 162 562 146 2029 155 862 146 966 2798 147 963 1546 161 562 745 161 1761 1226 1251 958 162 547 962 561 148 547 150 561 808 564 145 146 
20 225 602 1203 2011 1521 145 1622 1751 626 1969 599 3253 609 2970 606 477 619 842 1739 145 610 163 148 145 1446 4889 156 3084 150 611 162 1096 163 1580 156 1377 1768 612 609 4419 145 1057 145 610 155 163 1059 163 1058 1141 1312 
20 250 146 145 145 659 1170 146 1671 841 658 603 659 154 2619 145 2289 154 773 2884 145 2276 146 605 657 1153 921 147 2179 1434 676 162 148 2303 2184 146 1891 3262 1953 150 162 146 154 145 146 3775 162 5327 1666 658 3776 658 
20 275 161 4582 1984 153 1842 147 155 705 152 830 147 3463 1231 713 147 158 6201 2344 1684 706 143 1178 2342 146 161 1349 147 146 148 160 2521 1679 3265 706 4771 2473 1163 712 154 3047 147 1272 145 151 6551 147 1265 1166 147 3346 
20 300 162 5983 770 2136 161 2097 3289 151 870 150 1953 151 3615 164 1374 147 822 146 1770 149 1454 753 2209 1433 4582 146 155 754 2021 2356 1361 161 162 2010 1362 146 146 1773 147 156 4073 754 146 147 162 1969 6108 146 149 147 
20 325 4916 907 1328 1586 152 146 669 162 1384 147 1734 145 1017 150 1225 889 147 1723 3625 162 1157 721 737 146 1932 804 1762 1514 147 1660 1511 2114 3316 865 2676 803 149 147 152 146 145 1160 796 2116 1934 1458 802 801 3386 1076 
20 350 3550 153 850 145 3379 1104 147 145 2241 146 146 865 865 150 4154 146 146 147 4913 2008 147 147 1344 3429 162 145 888 147 2806 145 865 2641 1563 4249 2245 1275 1553 1312 1291 2741 1845 849 145 2807 1133 1553 2082 157 2826 146 
20 375 5394 3223 2830 6204 964 5930 162 913 4432 163 156 145 146 149 5411 148 146 1666 1504 148 7179 913 154 6940 3128 846 2505 5351 2891 5131 6680 4153 897 3644 1757 2432 4518 1666 897 5959 1757 4128 146 2142 146 163 5740 146 915 1760 
20 400 617 162 155 3787 147 1522 7755 4856 2982 153 157 2519 146 1027 145 1276 153 147 959 1827 160 962 3634 148 5181 3178 147 963 7451 146 2175 1791 7537 4087 1395 4195 1980 146 3141 146 3016 2307 142 961 4165 145 7307 3450 9523 2167 
21 50 354 146 154 481 145 145 146 329 258 257 162 155 257 258 259 259 257 800 466 155 466 546 145 140 140 259 257 355 480 1652 146 259 163 223 146 1039 145 497 159 257 371 163 158 156 162 126 369 145 159 161 
21 75 297 467 1216 1460 766 156 162 163 145 671 985 450 165 1004 1285 453 146 146 151 611 465 145 163 306 162 163 145 319 157 611 142 163 670 146 306 775 145 306 146 1041 152 146 1447 145 636 307 993 467 162 149 
21 100 1135 1861 369 2237 562 146 354 638 561 1438 961 962 146 151 146 163 145 445 377 147 1278 1202 653 146 723 812 161 147 562 162 562 489 621 561 149 355 146 522 562 353 150 354 352 648 769 1008 147 146 561 849 
21 125 1558 913 402 675 408 401 163 417 418 147 145 152 503 403 890 486 659 163 658 148 708 797 443 146 159 914 164 717 523 651 286 1227 321 932 1170 147 146 1178 162 443 663 159 162 146 913 987 147 673 161 1419 
21 150 146 454 154 451 2776 761 162 1721 151 160 465 907 764 151 162 633 146 146 152 1811 2180 162 160 146 163 156 450 2122 2103 757 147 449 151 466 450 450 765 1103 1797 146 148 1379 147 145 450 465 149 506 1107 147 
21 175 1353 4306 146 513 511 510 513 140 155 146 13 867 146 865 1955 4998 161 147 146 508 2724 2786 1317 154 499 513 145 161 145 1709 1218 1895 2035 2053 3138 145 145 162 146 1522 154 514 1467 161 146 1205 2595 515 1271 1278 
21 200 154 2116 563 546 145 1361 650 148 1810 1095 1464 145 2000 153 147 147 447 1960 162 796 146 2203 150 550 816 147 1778 2944 1192 1430 658 829 963 829 552 145 561 1486 3162 1075 2328 962 397 561 146 1091 2577 2332 562 2997 
21 225 1058 704 610 146 1128 1057 147 1024 610 610 144 1059 2349 804 809 146 3554 693 163 1347 857 1106 1594 597 158 147 162 151 1073 609 609 163 162 161 1411 163 145 1294 146 1458 162 669 148 160 1058 145 1248 2084 1731 146 
21 250 161 1291 1909 1462 1175 150 659 2195 146 658 156 934 4136 1154 656 1262 658 658 402 146 2289 145 1582 2906 1154 936 145 146 163 1855 525 1894 1154 1264 146 1063 1176 745 659 1898 3298 154 2749 657 658 1679 148 1334 723 1781 
21 275 883 159 705 146 164 1752 146 162 573 150 146 9967 1725 705 2790 158 706 146 2535 145 163 3901 146 1195 154 147 159 2354 706 1251 146 3716 146 164 1341 654 146 6340 145 147 4201 3848 155 2760 146 1383 156 1208 4693 702 
21 300 161 768 146 2326 2398 148 147 148 148 9525 149 146 1185 2442 153 148 145 145 147 147 145 919 551 143 146 147 1814 754 147 2144 765 1004 5677 5096 146 3678 139 150 150 3980 1555 161 4388 1970 142 146 1423 161 145 2027 
21 325 818 2129 2407 2480 801 1141 145 801 146 16 1325 163 801 1211 146 1197 1323 1243 7840 3019 163 2119 1879 145 3008 800 1035 3369 7481 145 817 671 146 146 1813 145 145 2679 154 586 1083 147 669 151 2318 2180 163 927 801 801 
21 350 146 3695 866 865 146 1333 146 2441 1336 2247 2257 3497 2220 151 6111 870 162 2265 850 2077 2005 1150 161 X 150 2996 4427 152 155 146 157 148 146 3742 2022 1671 2340 2629 162 1558 154 2119 866 1876 2164 2340 850 1656 X 1950 154 151 
21 375 4000 3450 2115 1016 2390 153 4694 936 1918 1012 147 146 4249 1803 2973 151 953 1841 147 1667 1379 145 1728 146 915 3965 987 954 162 1665 7081 150 1692 145 163 147 1340 156 3228 2843 3435 2474 146 2961 1665 915 147 164 2046 1483 
21 400 1086 620 145 161 4278 1067 6382 962 7458 1817 897 5099 923 161 147 162 146 141 945 1039 1224 1161 146 961 161 3720 159 3669 951 156 2163 1193 146 145 147 146 154 1027 3005 147 145 161 1420 152 9293 2174 961 147 2764 162 
22 50 353 329 370 162 263 258 162 145 154 328 675 161 596 525 204 304 206 156 161 162 490 373 259 470 161 257 351 401 140 370 259 257 845 128 337 155 257 370 155 666 372 503 146 145 258 266 162 465 259 322 
22 75 334 246 867 632 308 152 769 306 931 2618 900 854 474 146 147 2259 505 306 148 749 769 766 302 307 154 145 307 161 305 881 307 162 146 770 157 305 156 157 305 838 148 145 146 581 146 465 146 466 146 721 
22 100 563 1241 158 152 162 354 955 358 771 562 770 146 769 223 355 561 354 829 429 162 237 561 476 1270 147 355 415 610 640 238 147 146 162 163 353 163 159 1588 1812 419 1193 370 146 148 402 392 357 716 354 161 
22 125 415 145 157 147 147 657 481 402 402 927 418 149 401 161 1110 162 419 162 402 673 162 1636 402 605 561 146 658 832 145 659 146 1137 159 659 818 657 391 658 2184 145 146 659 150 657 415 162 427 1169 536 147 
22 150 739 161 1070 162 451 466 455 450 771 145 941 723 465 159 152 509 154 904 162 2180 2890 2113 159 467 162 1221 1153 146 465 153 744 882 726 1108 162 858 465 146 2904 163 1094 162 513 159 466 770 450 147 1071 450 
22 175 875 514 1246 145 506 146 162 1522 163 513 497 1260 866 156 150 145 1804 147 1759 146 499 152 160 146 498 4107 1234 1816 146 849 159 1217 145 2689 146 152 2392 1089 162 745 867 513 146 928 3176 147 3011 515 1480 1570 
22 200 146 148 147 430 2408 146 561 1363 962 1444 158 163 145 961 156 147 653 961 8148 147 145 161 853 1571 1825 1801 165 562 147 2403 146 1297 705 860 562 622 146 160 562 2851 962 888 157 146 155 2427 1091 996 154 547 
22 225 1057 1684 609 1112 1059 1300 558 149 1074 163 1631 145 609 767 1640 1642 1642 605 155 1289 13 1528 1522 1058 162 148 629 1009 616 1970 148 628 1969 609 153 685 610 146 147 816 478 610 602 2142 148 12 605 146 146 707 
22 250 658 658 527 146 1022 162 659 148 1153 658 1664 153 659 2895 2018 1302 657 1665 162 1169 146 1599 163 161 657 2635 145 147 2836 271 1980 162 146 658 147 149 726 658 146 147 150 2001 2425 161 937 1388 144 721 1153 2267 
22 275 155 5423 582 3752 1693 145 1303 1313 1505 1309 162 2034 706 147 1132 947 705 155 147 1372 2028 706 153 2156 158 149 163 706 5288 821 704 149 162 5297 146 2305 703 1787 1328 146 151 159 146 713 1672 149 146 1689 162 706 
22 300 1367 1810 162 916 1969 161 876 764 1422 2042 755 2803 147 146 155 148 3000 753 623 148 1361 1437 4254 759 151 163 730 770 149 146 149 1631 1032 2935 162 784 147 1817 1248 1610 4377 755 3390 5882 162 769 702 152 146 146 
22 325 1863 6033 162 149 146 670 147 4427 2658 1325 802 802 2169 1459 2365 899 865 1746 145 3787 140 669 1110 152 2737 163 3175 4174 804 2365 1473 145 804 815 801 156 146 1073 803 145 1765 1062 165 3347 159 795 146 1025 161 150 
22 350 2144 144 1170 2194 1111 162 861 850 150 1424 3022 2812 152 147 1483 925 146 148 5867 1101 1266 146 922 146 149 154 159 146 3255 163 3745 1068 2296 1103 3278 862 146 145 162 148 1873 161 1488 1700 147 145 1771 147 2234 146 
22 375 3702 146 146 2908 1744 4061 1072 5816 2031 913 1665 146 1912 4410 2169 527 X 7588 157 1567 2278 162 162 914 1026 1954 2566 1439 1780 148 914 157 1766 998 150 165 3428 14 1412 994 146 147 914 1219 1560 2415 1665 914 1699 2284 153 
22 400 4700 2233 5556 2981 2517 2764 1212 983 1429 146 1949 2610 3304 152 3234 3753 945 147 160 146 163 962 1389 157 151 3389 160 145 962 154 2595 163 162 1501 163 154 145 162 6554 4041 162 145 1762 3290 163 157 4007 161 149 963 
23 50 257 146 355 370 145 141 146 489 125 583 204 258 147 328 138 163 259 161 884 271 153 145 259 124 154 156 274 371 146 161 146 145 259 258 533 258 509 326 257 146 147 149 155 561 162 258 258 259 366 440 
23 75 160 466 163 159 465 306 770 146 146 384 150 145 1034 163 467 1591 1008 163 460 145 162 99 772 146 305 150 888 468 700 933 147 146 880 174 157 162 145 322 161 162 147 163 1084 175 141 627 1119 310 1091 151 
23 100 146 603 1036 639 147 150 2021 163 1816 158 157 608 146 655 526 146 484 2248 236 1008 159 146 439 147 1220 150 354 146 151 563 146 145 161 501 287 142 146 346 148 406 354 163 2003 146 647 156 160 146 161 355 
23 125 406 152 659 285 147 657 797 159 659 162 371 285 620 366 402 165 402 148 148 419 414 429 402 678 149 874 465 164 146 658 1091 23 150 396 163 286 855 1381 418 162 270 146 1307 2102 162 639 149 509 1255 472 
23 150 163 991 759 146 472 961 414 161 729 147 815 156 147 905 824 145 774 1398 1137 150 550 161 162 156 807 158 384 160 146 161 705 770 147 397 154 819 450 333 2776 161 922 450 2040 1433 1411 146 467 150 465 1034 
23 175 866 514 146 152 1102 2149 162 756 639 160 498 498 158 156 867 147 1570 145 514 162 3306 161 155 2076 1124 499 161 868 1334 147 146 865 166 160 145 159 147 1305 1646 162 998 823 162 157 407 1485 1491 161 162 400 
23 200 1127 162 145 1634 148 6069 862 4040 1216 146 554 2256 1405 161 147 2237 4513 1798 632 160 592 159 163 150 153 162 162 563 147 149 162 966 562 162 562 160 1124 557 150 162 658 146 151 147 1015 1288 1644 1440 1115 1274 
23 225 609 162 817 2076 3009 1232 1183 161 1057 611 160 611 146 1033 162 160 1895 1522 1507 1068 478 1057 144 404 1058 149 161 1069 148 157 463 1057 146 638 610 960 611 1059 162 599 2063 156 146 163 614 1274 610 476 1189 1328 
23 250 153 1693 156 1416 975 145 159 1104 407 1280 3254 147 1110 154 162 657 1202 1157 846 673 1050 658 146 591 764 658 1099 1673 690 1360 2249 1343 162 160 163 3922 658 147 1317 146 658 1748 528 164 162 1968 161 1291 162 1406 
23 275 3973 162 486 4031 146 146 2618 5103 1170 160 939 4440 706 158 146 706 3149 163 782 5356 1615 145 1923 163 147 4143 1351 159 2138 2945 154 1401 14 147 1922 705 1653 145 159 705 816 1483 1810 163 2596 705 162 1267 163 162 
23 300 753 1030 5328 6834 1776 4398 1363 147 145 753 1033 1362 869 2768 3221 753 1681 2715 146 406 769 1362 764 146 146 1363 164 2236 1657 659 4170 152 147 4207 1000 805 145 1341 1694 149 146 144 2009 145 770 4757 1985 755 148 4509 
23 325 146 162 152 5024 152 1778 802 2158 148 2090 790 1013 155 2094 1418 1232 748 3222 802 148 4670 818 987 145 X 2748 147 2263 1227 146 161 146 1492 145 802 3811 1053 887 162 1882 161 146 2770 161 1521 1589 1404 149 802 882 2397 
23 350 1560 162 1676 891 162 146 1206 1438 155 163 942 5055 867 1570 743 1860 148 851 4088 2501 733 1458 162 859 152 161 2137 1570 2672 999 158 1990 1553 161 850 1131 145 141 147 1601 1426 146 148 849 1553 145 886 162 1511 148 
23 375 915 147 1666 155 914 3342 3325 163 2067 909 X 3616 2417 1854 2987 2401 1154 955 2481 1195 147 1389 1015 5076 4549 7628 2629 1026 915 914 1591 158 1805 161 1886 1694 146 146 4120 1520 3301 914 3438 1393 162 2188 780 993 161 161 146 
23 400 962 146 3287 1787 162 150 151 962 963 3158 2520 3717 945 1761 147 1564 963 3914 954 2675 146 146 148 2526 955 155 5842 162 151 4800 3009 154 30 1729 993 2312 161 153 3799 962 829 963 152 146 2401 161 163 150 815 1031 
24 50 419 257 597 357 203 409 140 162 461 257 371 163 537 125 153 411 554 258 126 148 160 145 257 259 146 258 347 257 258 163 163 359 568 146 694 162 157 259 288 776 266 465 258 161 258 544 259 257 411 451 
24 75 887 155 162 176 550 147 466 488 771 467 516 150 307 385 1554 305 346 340 146 746 155 496 155 305 151 468 163 491 147 308 146 306 163 415 162 467 145 1467 152 467 145 928 306 163 358 156 467 398 145 612 
24 100 146 354 968 353 147 1795 146 161 146 156 1099 549 799 430 652 354 1213 1054 150 923 355 685 962 146 353 445 359 355 360 562 448 1029 678 355 155 161 146 1119 353 2193 161 147 146 774 1260 354 362 222 500 152 
24 125 437 919 658 418 764 659 726 368 13 683 403 163 672 162 402 914 660 890 160 402 402 433 674 1219 1557 161 402 440 270 366 153 270 158 403 418 285 148 899 402 146 658 402 914 2031 403 403 162 667 158 404 
24 150 1436 155 720 570 767 529 155 637 1124 2243 527 1436 495 163 154 1316 148 146 1064 162 1327 888 1755 581 163 823 450 943 456 862 151 705 449 157 2540 466 162 908 770 773 524 1219 162 162 466 158 1273 146 146 637 
24 175 518 151 147 146 146 163 449 146 160 160 1797 1368 1009 514 871 515 1129 1063 514 3163 159 441 2347 161 3308 161 381 893 1839 519 147 161 147 515 152 156 147 159 30 866 504 1191 514 146 866 705 1409 1149 514 155 
24 200 1814 1430 562 2756 562 159 1238 150 522 2848 1774 158 561 149 563 2298 771 163 1610 961 157 2226 429 2353 2042 945 558 147 564 146 1215 162 146 3024 1638 3360 163 863 1616 1261 162 165 154 3465 497 1648 1377 146 146 6207 
24 225 1059 668 161 619 146 1060 610 149 606 2049 162 162 1317 610 163 162 664 1058 146 1342 694 1010 1474 1177 1102 609 159 610 557 611 642 1176 158 159 1937 610 1056 147 159 1633 2527 149 610 1389 1972 161 610 1397 147 1470 
24 250 1161 4330 3608 1519 659 1202 153 145 997 658 153 161 4222 163 146 658 1170 145 1866 1452 1101 146 149 1112 593 1267 150 4711 1535 750 146 1411 1369 147 1119 1117 153 151 161 658 3856 3345 146 162 1082 145 161 658 1118 142 
24 275 431 853 1844 4000 146 763 3624 1356 706 155 1284 1277 707 1301 146 2286 938 162 705 161 155 1511 145 1308 146 3988 573 1435 147 973 145 162 1895 890 705 161 2446 162 782 1207 1350 146 695 141 146 154 707 707 2581 1266 
24 300 755 2108 1993 146 1746 162 147 4490 146 1577 145 147 1658 1167 1309 1489 1544 754 2244 753 754 1362 791 146 161 151 3760 163 13 1724 2014 1185 2056 1193 161 767 747 760 754 754 865 1224 756 769 754 152 147 3419 147 152 
24 325 1503 146 2153 147 147 1664 1437 159 1390 163 4146 163 1494 996 2293 146 861 737 1326 2095 1864 145 1050 162 803 148 817 678 1582 803 1457 155 154 147 1292 930 802 145 818 1773 806 161 808 2749 920 801 162 2242 3172 818 
24 350 718 149 1328 4577 1522 3619 146 2257 146 881 3181 153 849 159 861 1844 507 165 2977 146 1039 147 850 146 1949 156 1115 145 1463 3049 716 1294 920 890 2370 781 7651 3152 1532 862 1117 1610 163 1833 164 3584 944 850 1431 866 
24 375 160 1693 976 148 781 584 146 2940 912 155 914 1021 147 1667 1944 1015 2547 832 859 3121 157 147 146 1371 145 2908 911 971 2884 156 941 1700 1719 1238 950 915 5897 7642 3420 1048 2828 145 157 162 1666 5716 4924 1782 146 902 
24 400 2850 2530 5056 3179 154 3399 157 1965 153 961 162 157 828 813 2511 147 765 146 828 963 2400 145 162 2969 147 4970 3912 993 151 1085 3101 2130 147 149 5837 146 1665 156 146 155 145 162 147 1072 4929 1094 158 1762 2819 3247 
25 50 772 162 163 154 125 162 552 312 161 147 163 162 163 258 146 406 155 146 145 371 258 362 153 205 497 689 497 163 260 160 148 146 314 370 229 470 255 370 259 162 513 161 259 125 168 257 147 148 155 147 
25 75 410 496 427 149 645 173 1945 1051 596 1094 333 227 155 310 316 584 611 333 148 173 305 625 146 493 146 465 749 493 933 842 147 162 158 306 1544 1115 464 2354 158 307 146 391 162 173 317 161 466 990 466 146 
25 100 2230 653 354 368 160 289 151 146 354 355 977 353 562 979 754 654 1520 353 1836 224 152 354 161 222 146 163 567 573 580 163 370 152 353 1253 645 354 354 146 161 237 149 1587 370 153 237 362 1296 354 573 1823 
25 125 162 145 146 159 402 3418 402 285 285 285 403 147 936 146 598 637 1061 417 163 402 159 618 657 899 410 144 162 440 593 782 433 2568 1065 658 161 657 904 541 1120 364 914 659 153 658 157 418 155 660 154 453 
25 150 150 158 162 617 751 461 621 2025 866 466 467 146 524 480 450 1306 1963 162 771 1171 163 1646 163 457 1427 492 2315 1782 770 1614 162 163 884 668 155 163 450 145 162 940 675 154 822 701 154 765 450 590 1819 152 
25 175 657 1219 1479 1835 865 865 153 1233 513 153 147 2080 162 2333 1262 162 504 530 505 1842 147 871 513 498 1427 365 151 837 633 142 162 866 153 1948 600 147 383 501 145 155 734 382 1638 513 155 158 882 1219 603 2538 
25 200 2819 485 162 775 1022 894 962 146 427 562 561 3396 561 959 1211 162 144 144 2523 1835 1013 162 959 564 428 837 1841 557 1046 1363 496 155 157 156 645 559 163 689 605 1174 162 605 562 163 831 164 154 562 563 1773 
25 225 615 595 1617 163 615 609 607 1058 162 547 608 145 148 163 146 595 2841 802 1531 151 154 157 2097 163 1873 463 560 258 609 984 152 614 1115 609 2381 1538 162 609 148 156 1982 162 609 477 146 162 3155 478 146 1501 
25 250 163 1675 606 1889 1373 834 657 658 945 146 1013 659 1788 5474 1781 28 165 658 154 659 146 147 161 162 900 658 525 162 524 674 1382 2054 1164 524 991 525 140 2196 161 2348 146 161 1226 163 659 525 1123 152 159 152 
25 275 872 146 2189 1192 145 1656 153 2557 145 705 708 1956 705 147 3049 163 1891 1825 995 1497 706 706 706 150 711 163 4671 153 161 722 4338 573 1800 722 162 159 149 1493 714 705 146 147 693 710 707 146 1711 702 2100 161 
25 300 4827 754 162 163 1575 2167 147 860 765 1545 753 1205 1926 1736 168 146 814 2311 2988 1418 147 5712 753 4819 156 1426 768 161 1449 1848 1219 1849 1939 765 146 1244 148 1792 637 146 753 2325 717 147 155 3847 152 150 163 145 
25 325 149 15 12 1642 163 804 163 768 1085 16 817 160 2666 161 2031 1325 159 147 809 2893 786 1456 1070 1458 161 145 151 155 806 1426 1457 145 687 803 1107 1458 3238 1455 1457 1584 2072 874 1571 2172 1567 156 1277 3020 802 1554 
25 350 145 849 1465 866 850 1610 3192 153 4375 2972 146 1089 1922 4272 162 5924 146 877 915 146 897 1569 911 2858 2355 1185 2518 161 2614 1221 1143 1388 867 2324 162 162 157 851 2054 1900 3121 2806 1570 4716 2719 147 161 866 868 867 
25 375 147 5575 2443 4471 914 1175 776 1532 2900 3031 1564 899 1797 913 2385 2052 5870 1374 905 159 9049 158 3339 1195 3307 152 2119 1555 2007 1665 159 163 538 3918 1932 147 1504 915 1444 163 147 146 2079 1532 161 3236 155 2841 1568 147 
25 400 1763 146 5642 1915 963 961 157 1394 147 157 151 153 1006 3315 8676 618 1761 146 156 945 1149 7512 162 146 152 2182 1631 162 146 1321 671 1008 3410 890 163 153 154 1756 155 157 1460 162 155 4922 953 3510 150 160 946 3496 
26 50 257 258 163 258 147 254 147 161 730 157 190 259 465 257 355 293 891 257 154 209 676 258 125 147 152 141 355 146 354 163 333 162 162 258 162 488 157 285 161 362 152 149 266 260 162 370 157 466 567 258 
26 75 787 307 154 334 306 145 420 308 319 154 466 758 312 1323 1073 156 471 161 456 157 465 163 162 466 253 306 418 466 1490 163 474 789 168 7017 531 X X X 4783 X X X X X X X X X X X X X X X X X X X X X X X X X X X X X 7944 3644 X X 5698 X X 155 3311 142 147 158 312 781 466 306 149 163 
26 100 146 769 1807 576 1187 369 1065 999 163 370 164 356 597 145 1459 159 353 553 153 563 1519 775 1115 561 222 1793 236 3230 146 356 740 585 161 538 1179 390 1185 150 559 161 977 1040 29 163 370 1679 147 163 13 221 
26 125 349 147 269 139 670 414 409 395 930 796 162 666 145 669 418 580 155 418 405 401 161 1038 159 153 418 658 149 402 415 270 161 1217 286 272 150 926 845 152 909 285 147 163 30 152 151 488 285 162 402 1283 
26 150 149 780 771 146 318 2122 2330 145 530 146 162 1067 145 1457 158 161 148 333 6059 8306 2499 465 1063 161 638 769 160 2290 1962 467 2586 3106 466 2476 450 739 332 818 465 151 162 615 465 567 734 773 450 147 162 147 
26 175 1208 156 162 1066 654 163 163 3949 714 380 514 1191 652 1363 515 748 514 589 2125 3050 157 1212 381 149 157 861 146 2847 682 157 1548 13 154 384 1048 1342 163 514 1015 2205 514 1938 497 749 733 146 154 512 998 1219 
26 200 821 528 1714 145 162 2047 158 1429 1000 2449 715 546 1181 430 159 146 2504 1378 961 553 2600 2013 161 432 161 2752 1778 145 158 1825 672 546 2020 163 146 430 1360 562 563 1748 918 2034 962 162 162 159 888 701 422 148 
26 225 815 147 161 162 147 610 159 1523 648 154 1778 143 146 1054 1426 1691 611 704 161 479 146 1057 162 610 612 161 2532 159 877 148 754 162 464 1417 2938 610 442 145 1287 150 612 1966 609 1020 1477 1372 1076 610 1631 611 
26 250 1121 5072 161 1262 658 1666 1253 591 1302 1107 1503 3631 658 1891 982 154 692 162 1015 155 1216 657 471 1542 13 1155 163 14 657 1170 147 161 2376 153 1833 162 13 154 1419 X 4958 X 8024 146 163 157 657 149 1769 659 162 1278 
26 275 162 149 X X X X X 161 145 146 145 150 X X X X X X X 3627 163 1267 152 2513 779 2459 4864 705 2375 1265 972 1827 162 765 154 1439 1939 148 706 573 572 151 706 146 1258 1808 1266 707 4260 160 1250 705 1266 162 1576 706 145 614 706 1843 710 162 
26 300 161 1160 146 158 162 157 902 168 754 146 852 983 2024 153 758 1811 755 835 769 1967 156 1737 151 1063 1529 160 755 1176 1605 158 753 3182 162 146 X X X X X X X 763 160 161 1751 1488 146 X X X X X X X X X X X X X X X X X X X X X X X X X X X X X X X X X X X X X X X X X X X X X X X X X X X X X X X X X X X X X X X X 158 157 146 162 745 761 156 1359 1344 1279 
26 325 4317 149 16 1753 1761 164 158 3854 1776 1245 811 X X X X X X 1182 8796 4299 162 9145 154 156 1569 145 158 1459 163 1533 153 153 147 X X X X X X X X X X X X X X X X X X X X X X X X X X X X X X X X X X X X X X X X X X X X X X X X X X X X X X X X X X X X 6124 X X X X X X X 9825 7513 153 X X X X X X X X X X X X X X X X X X X X X X X X X X X X 146 146 X X X X X X X X X X X X X X X X 9834 163 802 X X X X X X X X X X X X X X X X X X 150 148 5991 X 156 157 X X X 141 146 152 X X X X X X X X X X X X X X X 157 X X X X X X X X X X X X X X X X X X X X X X X X X 159 X X X X X X X X X X X X X X X X X X X X X X X X X X X X X X X X X X X X X X X X X X X X X X X X X X X X X X X X X X X X X X X X X X X X X X X X X X X X X X X X X X X X X X X X X X X X X X X X X X X X X X X 146 149 X X X X X X X X X X X X X X 7576 X X X X X X X X X X X X X X 1504 
26 350 X X X X X X X X X X X X X X X X X X X X X X X 516 X X X X X X X X X X X X X X X X X X X X X X X X X X X X X X X X 3673 1997 X X X 6029 X X X X 9397 X 4905 X X X X X X X X X X X 150 X 8006 X X X 7101 146 4295 866 1565 X X X X X X X X X X X X X 5199 X 878 147 8054 146 X X X X X X X X 155 157 1553 146 147 9745 866 146 X X X X X X X X X X X 9523 1648 X X X X X X X X 5685 X 3452 147 154 8136 859 X 1786 X X X 146 X X 8961 X X 4613 8428 3374 3018 163 158 1096 850 2869 146 X 8655 3688 X X X X X X X 9547 
26 375 154 4535 904 2418 3185 897 2417 898 3455 154 5614 898 164 5086 5144 3583 146 X X X X X X X X X X X X X X X X X X 3146 1445 4780 X X X X 158 X X X X X X X X 8342 X 6697 162 150 2411 1669 1666 1665 X X 1019 1665 163 3534 1714 1665 145 X 914 160 3556 1666 X 5769 1455 3871 4892 153 2284 3169 1665 4497 146 
26 400 1763 1763 146 149 154 962 693 X 2499 157 3766 146 163 1884 155 146 1431 894 157 7919 4495 149 152 5196 X X X X 2615 X 6163 1641 146 147 3789 X 4329 146 160 X 8222 3429 829 152 146 161 3148 161 3837 6196 1406 156 156 2606 2942 1128 154 958 
27 50 223 296 926 638 7344 278 148 4026 X X 492 1510 2937 4316 161 3945 X 7989 X 467 1534 162 X X 1740 X X X 3885 258 154 X 1541 7071 447 1200 447 147 148 432 891 363 370 257 146 6692 26 465 675 163 465 151 476 258 145 837 X X X 2198 152 6479 146 
27 75 X X X X X X 8912 X X X X X X X X X X X X X X X X X X X X X X X X X X 364 322 302 305 1632 2377 152 153 161 3924 X 1807 145 5128 149 160 611 812 1028 163 1186 143 161 155 159 3019 145 155 307 881 161 146 305 1961 1593 156 157 162 479 541 158 146 621 1639 156 163 610 153 783 3128 
27 100 147 161 562 159 977 1187 961 562 563 355 147 794 302 145 364 355 2232 1833 3864 528 X X X X X X 7790 3120 162 1653 X 776 354 X 2088 579 414 353 368 2789 918 X X X 1195 753 382 723 4951 564 2752 369 3679 159 941 6257 3333 552 151 150 X X 151 
27 125 146 1327 X X 7310 148 146 163 994 151 414 162 2053 1624 145 X X 8598 3653 266 407 160 1427 8 146 650 643 158 162 790 886 149 417 154 999 156 158 163 156 163 402 146 158 594 417 147 419 417 3865 X X 3818 162 X X X X 4358 146 586 
27 150 9578 X X 6942 3481 X X 7468 153 1219 162 X X X X X X X X X X X X X 7490 X 2755 X 3600 X 3931 7715 X X X X X X 5255 X X 6246 X X 6550 X X X 6387 X X X X X X 3964 5692 1680 X X 5317 6431 X X X X X X X 5568 146 4342 X 3729 146 150 X 9895 4075 X 821 5381 X 161 X X 9886 X X X X X 1269 X X X 146 147 X X X X X 5832 X X X X 1062 X X X X X 4012 162 X 7567 162 X 2702 3784 2540 1058 X X 4226 X X X X X X X 1598 X X X X X X X X X X X X X X X 8497 X X 8414 
27 175 X X X X X X X X 2598 X X 7510 X X X 5162 X 1479 933 X X X X 2219 X X X X X X X X X X X 4234 X 3993 X 5113 162 X 7923 X X X X X 5871 3193 3207 4269 3938 X 158 514 3546 568 X X 1825 X X X 3321 X 8887 3050 X 7698 1086 X 9684 6438 X 710 4444 9574 4972 X X X 152 152 X 162 7227 6620 X X X X X 6128 4572 213 8110 X 9918 X X X X X 8996 X X X X X X X X X X X X 1976 X X X X X X X X X X X 162 X X X X 161 X X 4818 X X X 9446 X X X X X X X 8325 2911 
27 200 8098 X X X 1964 973 2385 8081 2420 X 156 818 562 161 3509 145 2464 161 147 2046 1178 X X 161 2825 360 1146 1282 782 1002 146 775 568 161 2267 145 760 562 14 562 1174 1138 2447 161 X 7020 X 627 X X X X 3001 X 2523 X X X X X X 9497 6581 X 6695 X 1695 4769 X X X X X X X X X 2822 146 X X X 151 
27 225 155 X 610 X X X X X X X X X X X X X X X 150 X X X X X X X X X X X X X X X X X X X X X X X X X X X X 9555 X X 5970 6585 X X X X X X X X 4484 X 8260 X X X X X X X X X 4921 1462 X X X X X X 145 X X X X X X X 149 X X X X X 147 8736 X X X 143 X 5046 X X 163 161 X X X X X X X X X X X X X X X X 159 X 8057 X X X X X X X X X 8658 X X X X X X X 150 160 X X X X X X 8517 X 162 145 X X X X X X X X X X 154 X 934 X X X X X X X X X X X 8124 X X X 146 X X X X X X X X X X 7586 146 145 X X X X 5644 X X X X X 144 147 X X X X X X X X 4024 X X 4832 7127 X 667 1565 3297 1466 147 610 981 163 610 154 774 
27 250 151 162 X X X 9441 1154 156 148 X X X 148 146 X 147 162 2714 X X 1030 9291 X X X 4303 151 150 X X 3714 X X X X X X X X X X X X X 150 X X X X X X 4578 X 4634 X X X X 8073 X X X 1250 5925 2296 6888 150 1593 774 1666 162 1404 149 161 657 148 528 1006 1169 163 648 1159 157 2800 526 684 4758 1933 1154 659 659 
27 275 162 151 5312 3531 1916 147 158 1923 X 156 720 1055 13 1263 695 3210 163 1713 1855 4608 1265 161 151 905 8098 909 157 12 1825 147 705 2684 151 706 3176 1310 991 1805 1266 1265 5525 576 162 5759 2931 1825 1186 1265 161 6602 162 
27 300 163 1362 162 754 765 154 1361 754 755 3962 2823 1674 755 2724 9422 X 147 147 5948 162 2269 5480 146 1186 X X 7282 X X X X X X X X X X X X X X X X X X X X X X X X X X 4998 157 X X X X X X X X X X X X X X X X X X 148 X X X X X X X X X X X X X X X 760 X X X X X X 148 4882 162 152 X 147 151 2039 147 760 1403 3864 X X X 1671 X X X X 148 157 X X 8005 162 X 163 160 X 154 754 8739 3102 
27 325 162 1457 158 1417 X X X X X X X 151 X 8371 161 1651 6354 X 1644 152 163 158 797 X 4119 2269 802 736 1105 4117 X X X X X X X X X X X X X X X X X X X X 155 X X X 157 2753 158 153 1174 X X 3421 2453 162 146 160 501 4285 1559 152 1738 669 156 540 161 151 3686 669 X 802 162 149 X X X X X X X X X 513 X X X X X X X X X X X X X X 2012 X 7544 X X X X 990 
27 350 X X X X X X X X X X X X 6780 X X X X X X X 7184 X X X X 147 X 149 X X X X X X 2365 X X X X X X X X X X X X 2738 X X X X X X X X X X X X X X 1707 X X X 3437 X X X 4292 4809 6459 X X X 6359 1294 1871 163 3896 154 146 147 X X 2149 X X X 1660 5691 145 6026 X 149 3995 X X 850 2977 865 866 164 162 2273 158 851 2081 849 3946 851 X X X X X X X X 8814 5309 8651 X X X 5704 X 7544 1838 2413 5057 5102 146 162 
27 375 2587 X X 4985 X X X X X 2852 X X 8745 914 2259 1665 1649 846 148 2827 914 163 5289 7393 2202 4757 X 2188 3713 161 3617 X X X 5185 X 6455 2430 2014 914 X 147 1193 914 1296 8140 902 X 1502 4266 2399 1116 7571 5229 1667 154 163 6500 3488 143 156 2416 153 914 7553 913 
27 400 7061 150 1995 1779 1496 954 147 1968 2385 X X X 153 X 3736 145 X X X 147 162 X X X X X X 3797 X 161 146 2280 155 X 147 X X X X X X 7006 X X 149 161 X X X 4528 6793 162 962 154 X 3784 4343 7222 7113 146 152 6103 162 2562 152 8517 X X 8337 162 X 6225 148 494 2067 157 X 8339 5234 945 147 
28 50 468 160 256 146 257 152 355 124 328 3771 6675 4177 146 146 8026 4098 8337 X 557 X X X X X X X 336 470 356 3012 X 725 5155 3119 X 4288 X 3606 5466 931 1770 739 985 26 141 147 308 125 457 476 354 2792 147 653 120 2009 376 1893 962 X 5121 259 
28 75 148 629 151 7082 7869 157 160 X X 4409 X X X X X X X X X X X X X X X X X X X X X X X X X X X X X X X X X X X X X X X X X X X X X X X X X X X X X X X X X X X X X X X X X X X X X X X X X X X X X X X X X X X X X X 149 146 X X X X X X X X X X X X X X X X X X 6181 X 2323 4586 X 1995 159 2642 158 147 1522 162 1934 476 311 340 151 466 785 145 323 465 153 163 146 783 641 1987 147 155 X 9988 1579 X X X 147 X 3536 X 152 155 X X 3519 9095 X X 2983 4055 X X X X X X X X 7572 X X X X X X X X X X X X X X X X X X X X X X X X X X X X 161 
28 100 X X X 638 X X 1358 X X X X X X X X X X 5789 146 162 162 146 X X X 5037 163 402 9893 162 1949 162 592 162 2769 544 162 9058 2935 X 1539 380 X X X X 5603 X 457 147 2018 X X X X X X X X X X X X X 2341 X X X X X 6847 X X 162 159 162 6991 X 6315 X X 1362 X X X X 7813 X X X X X X 3181 X X X X 6705 6794 159 X 163 681 5707 8798 X X 2459 945 2429 159 5153 X X X X X X X X X X X X X 162 
28 125 X X X X X X X 3772 145 X 146 156 X X 5708 X 6252 X X X X 147 X X X X X X X 150 147 X X X 514 X X X X X X X X 6365 X X X X X X 158 X X X X X X X 155 163 X X X X X X X 153 X X X X X X X X X X X X X X X 156 X X X X X X X X X X X X X X 569 3584 8461 X X X X 145 X X X 154 154 X X X X X X X X X X X X 149 145 X X 147 152 161 X X X 149 158 X 161 X 155 X X X 3548 156 2026 6157 5322 1901 147 288 824 157 163 X X X 6109 6659 X X X X 1508 X 4222 X X X X X X X X 7810 154 159 X 153 
28 150 X X X 3562 X X X X 8622 146 X X X X X X X X X X X 5839 X X X X X X 8956 6640 X X X X X X X X X X X X X X X 148 1651 5318 154 X X X X X X X X X X X X X X 5391 X X X X X 149 1518 162 1952 145 162 X X X X X X X X X X X X X X 2598 X X X X X X X X 146 4287 X 5023 152 162 2267 162 2960 7252 555 158 465 161 162 883 147 156 1172 770 449 1065 2259 765 162 466 1423 154 778 803 1052 4740 451 
28 175 4312 5726 935 X X 7011 4196 3082 154 12 3390 514 6655 6372 147 160 7777 X 582 7353 146 147 7688 147 2210 4089 146 X 5369 867 497 517 515 1101 2980 2126 515 161 3248 X 6637 147 2366 157 145 X X X 707 8231 1614 X X X X 146 4675 X 4058 2786 X 943 889 939 
28 200 2821 166 563 146 X X X X 3667 X 1160 X X 161 162 X X X X X X 2322 X X X 145 5638 X X 5515 2579 X X X X X 162 8216 X 2782 X X X X X X X X X X X 144 147 X X X X 3906 1914 9723 164 X X 5809 X X 8049 1168 660 154 151 1698 157 162 1930 X X 7272 162 X X 5471 8795 6781 X X X X X X 8084 153 X X X X X X 2882 X 2686 143 962 1361 146 2612 161 1719 146 153 
28 225 478 2100 1523 1013 4155 2229 2381 3294 2145 156 671 159 145 155 X 615 154 161 3243 7109 1920 162 X X 3145 X X 3246 X X X X X 146 162 X X X X X X X X X X X X X X X X X 2668 X X X X X 3702 3128 X X X X X X 148 145 X X X X X 7591 X X X X 5676 X X 6988 X X X X 5378 X 147 157 3449 X X X X X X X X X X X X X X X 161 147 X X X X X X X X X X X X X X 4215 X X X X X X X X X X X X X X X X X X X X X 146 147 X X X X X X X X 8115 X X X X 3351 X X 8643 X X X X X X X 9590 X X X X X X X X X 157 X X X X X X X X 9263 X X X X X X X X X X X X 1515 X X 631 
28 250 X X X X X X X X X X X 8209 X 146 X X X X X X X X X X X X X 7947 X X X X X X X X X X X 155 X X X X X X X X X X 7171 X X X X X X X X X X X X X X X X X X X X X X X X X X X X X X X X X X X X X X X X 971 154 148 161 X X X X X X X X X X X X X 8334 X X X X X X X X X X X X X X X X X X X X X X X X X X X X X X X X X X X X 162 X X X X X X X X X X X X X 9977 X X X 149 146 X X X X X X X X X X X X X X X X X X X X X 151 159 X X X X X X X X X X X 150 X X X X X X X X X X X X X X X X X 8480 X X X X X X X 146 X X X X X X X X X X 8096 X X X X X X X X X X 412 X X 146 X 3814 X X X X X X X X X X X X X 152 159 X X X X X X X X X X X X X X X X X X X X X X X X X X X X X X X 4019 X X X X 8965 X X X X X X 149 X X X X X X X X X X X X X X X X X X X X X X X X X X X 159 X X X X X 148 154 X X X X X X X X X X X X X X X X X X X X X X X X X X X 147 148 X X X 152 X X X X X 144 146 X X X X 7550 X X X X X 1782 X X X X 418 X X X X X X X X X X X X X X X X X X X X X X X X X X X X X X X X X X X X X X X X X X X X X X X X X X X X X X X X X X X X X X X X X X X X X X X X X X X X X X X X X X X X X X X X X X X X X X X X X X X X X X X X 9363 X X X X X X X X 2081 X X X X X X X X X X X X X X X X X X X X X X X X X X X X X X X X X X X X X X X X X X X X X X X X X X X X X X X X X X X X X X X X X X X X X X X X X 156 X X X X X X X X X X X X X X X X X X X X X X X X X X X 147 152 X X X X X X X X X X X X X X X X X 145 145 X X X X X X X X X X X X X X X X X X X X X X X X X X X X 2055 X X X X 6565 X X X X X X X X X X X X X X X X X X X X X X X X X 6671 X X X X X X X X X X X X X X 146 
28 275 X X X X X X X X X X X X X X X X X X X X X X X X X X X X X 148 X X X X X X X X X X X X X X X X X X X X X X X X X X X 149 162 X X X 146 145 X X X X X X 153 146 X X X X X X X X X X X X X X X X X X X X X X X X X X X X X X X X X X X X 158 X X X X 162 X 155 X X X X X X X X X X X X X X X X X X X 152 X X X X X X X X X X X X X X X X X X X X X X 150 154 X X X X X X X X X X X X X X X X X X X X X 147 X X X 145 146 X X X X X X X X X X X X X X X X X X X X X X X X X X X X X X X X X X X X 151 163 X X X X X X X X X X X X X X X 144 X X X X X X X X X X X X X X X X X X X X X X X X X X X X X X X X X X X X X X X X X X X X X X X X X X X X X X X X X X X X X X X X X X X X X X X X X X X X X X X X X X X X X X X X X X X X X 147 X X X X X X X 144 X X X X X X X X X 153 146 X X X X X X 147 X X X X X X X X X X X 158 X X X X X X X X X X X X X X X X X X X X X X X X X 149 155 X X X X X X X X X X X X X X X X X X X X X X X X X X X X X X X X X X X X X X X X X X X 149 X X X X X X X X X X X X X X X 149 146 X X X X X X X X X X X X X X X X X X X X 156 155 X X X X X X X X X X X X X X X X X X 432 X X X X X X X X X X X X X X X X X X X 151 149 X X X X X X X X X X X 146 X X X X X X X X 432 X X X X X X X X X X 146 X X X X X X X X X X X X X X X X X X X X X X X X X X X 148 X X X X X X 148 157 151 X X X X X X 147 146 X X X X X X X X X X X X X X X X X X X X X X X X X X X X X X X X X X X X X X X X X X X X X X X 150 148 X X X X X X X 147 X X X X X X X X X X X X X X X X X X X X X X X X X X X X X X X X X X X X X X X X X X X X X X X X X X X X X X X X X X X X X X X X X 148 X X X X X X X X X X X X X X X X X X X X X X X X X X X X X 149 162 
28 300 X X X X X X X X X X X X X X X X X X X X X X X X X X X X X X X X X X X X X X X X X X 156 X X X X X X X X X X X X X 708 X X X X X X X X X X X X X X X X X X X X 148 163 X X X X X X X X X X X X X X X 754 X X X X X X X X X X X X X X X X X X X X X X X X X X X X X X X X X X X X X X X X X X X X X X X X X X X X X X X X X X X X X X X X X X X X X X X X X 146 X X X X X X X X X X X X X X X X X X X X X X X X X X X X X X X X X X X X X X X 459 X 2758 X X X X X X X X X X X X X X X X X X X X X X X X X X X X X X X X X X X X X X X X X X X X X 142 X X X X X X X X X X X X X X X X X X X X X X X X X X X X X X X X X 144 X X X X X X X X X X X X X X X X X X X 146 X X X X X X X X X X X X X X X X X X X X X X X X X X X X X X X 145 X X X X X X X X X X X X X X X X X X X X X X X X X X X X X X X X 157 X X X X X X X X X X X X X X X X X X X X X X X X X X X X X X X X X X X X X X X X X X X X X X X X X X X X X X X X X X X X X X X X X X X X 149 148 X X X X 148 163 X X X X X X X X X X X X X X X X X X X X X X X X X X X X X X X X X X X X X X X X X X X X X 7173 149 161 X X X X X X X X X X X X X X 150 146 X X X 162 X X X X X X X X X X X X X X X X X X X X 147 148 X X X X X X X X X X X X X X X X X X X X X X X X X X X X X X X X X X X X X X X X X X X X X X X X X X X X X X X X X X X X X X X X X X X X X X X X X X X X X X X X X X X X X X X X X X X X X X X X X X X X X X X X 148 X X X X X X X X X X X X X X X X X X X X X X X X X X 152 158 X X X X X X X X X X X X X X X X X X X X X X X X X X X X X X X X X X X X X X X X X X X X X X X X X X X X X X X X X X X X X X X X X X X X X X X X X X 7709 X X X X X X X X X X X X X X X 4612 X X X X X X X X X X X X X X X X X X X X X X X X X X X X X X X X X X X X X X X X X X X X X X X X X X X X X X X X X X X X X X X X X X X X X X X X X X X X X X X X X X X X X X X X X X X X X X X X X X X X X X X X X X X X X X X X X X X X X X X X X X X X X X X X X X X X X X X X X X X X X X X X X X X X X X X X X X X X X X 149 X X X X X X X X X X X X X X X X X X X X X X 144 154 X X X X X X X X X X X X X X X X X X X X X X X X X X X X X X X X X X X X X X X X X X X X X X X X X X X X X X X X 155 X X X X X X X X X X X X X X X X X X X X X X X X X X X X X X X X X X X X X X X X X X X X X X X X X X X X X X X X X X X X X X X X X X X X X X X X X X X 151 162 X X X X X 149 156 X X X X X X X X X X X X 29 X X X X X X X X X X X X X X X X X X X X X X X X X X 153 X X X X X X X X X X X X X X X X X X X X X X X X X X 149 147 X X X X X X X X X X X X X X X X X X X X X X X X X X X X X X X X X X X X X X X 6355 X X X X X X X X X X X X X X X X X X X X X X 144 150 X X X X X X X X X X X X X X X X X X X X X X X X X X X X 147 146 X X X X X X X X X X X X X X X X X X X X X X X X X X X X X X X X X X X X X X X X X X X X X X X X X 146 X X X 161 X X X X X 9925 
28 325 5758 X X X X X X X X X X X X X X X X X X 7894 X X X X X X X X X X 9026 X X X X 8253 X 7950 X X X X X X 3075 X X X X X 4913 X X X X X 163 X X X X X X X 4251 X X X X X X X X X X 3081 X X X X 2774 X X X X X X X X X 150 146 X X X X X X X 152 X X X X X X X X X X X X X X X X 146 X X X 146 156 X X X X 8321 X X X X X X X X X X X X X X 163 X 157 X X X X X X X 146 X X X 155 148 X X X X X X X X X X X X X X X X X X X X X X X X X X X X X X 2350 X X X X X X X 8246 X X X X X X 161 159 X X X X X X X X X X X X X X 164 160 X 818 X X X X X X X 1638 X X X X 803 X X 152 X X X X X X X X X X X X X X X X X X X X X X X X X X X X X X X X X 9112 X X X X X X X 147 3443 X X X 151 159 X X X X X X X X X X 148 X X X X X X X X X X X X X X X X X 146 X X X X X X X X X X X X 146 X X X X X X X X X X X 2732 X X X X X X X X X X X X X X X X X X X X X X X X X X X X X X X X X X X X X X X X 855 X X X X 160 X X X X X X X X X X X X X X X X X X X X X X X X X X X X X X X 147 X X X X X X 162 151 X X X X X X X X X X X X X X X X X X X X X X X X X X X X X X X 7843 X X X X X X X X X X X X X X 6549 X X X X X X X X X X 157 
28 350 X X X X X X X X X X X X X X X X X X 161 X X 8966 X X X X X X X 155 147 X X X X X X X X X X X X 146 9728 X X 9716 X X X X X X 1963 X X X X X 3144 X X X X X X X X X X 150 161 X 157 X 7859 X X X X X X X X X 146 X X X 8219 X X X X X X X X X X X X X X X X 158 X X X 878 X X X X X X X 1629 X X X X X X X X X X X X X 150 158 X X X X X 6792 3819 X X 148 154 X X X X X X X X X X X X X X X X X X X X X X X 6040 X X X X X X X X X X X X X X X X X X X X X X X X X X X X X X 8417 X X X 8604 X X X X X 163 X X X X X X X X X X X X X X X X X X X X X X X X X X X X 148 162 X X X X X X 7582 X X X X X X X X X X X X X X X X 9793 X X X X X X X X X X X X 5096 X X X X 2041 X X X X X X X X X X X X X 158 X X X X X X X X 7569 3833 X X X X X X X X X X X X X X X X X X X X 148 166 X 3810 X X X X X 147 X X X X X X X X X 6822 X X X X X X X X X X X X 1959 X X X X X X X X X X X X X X X 3121 X X X 9677 X X X X X X X 150 146 X X X X X X X X X X X X X X X X X X X 157 X X X X 2371 147 
28 375 X X X X X X X X X X 146 9250 X X X X 5655 X 5323 X 148 148 X X X X X X X X X X X X X X X X X X X X X 6055 X X X X X X X X 3104 X 148 X X X X X X X X X X X X 151 X X X X X X X X X X X X X X X X X X X X X 9013 X X X X X X X X X X X X X X X X X 150 146 X X X X X X X X X X X X X X X X X X X X 7385 6960 X X X X X 148 X X X 156 X X X X X X X X X X 5170 X X X X X X X X X X X X X 163 X X X X X 1058 X X X X X X X X 5314 X X X X X X X X 7036 X X X X X X X X X X X X X X X X X X X X X X X X X X X X 7587 X X X X X X X X X X X X X X X X X X 4774 X X X X X X X X X X X X X 7994 160 X X X X X 555 X X X X X X X X 944 X X 9150 X X X X X 4368 X X X X X X X X X X X X X X X X X X X X X X X X X X X 2326 X X X X X X X 147 X 5268 9561 X X X X X X X X X X X X X X X X 4578 X X X X X X X X X X X X 2600 X 7051 X X X 2842 X X X X X X X X X X X X X 4420 X X X X X X X 8268 X X X X X 151 X 146 X X X X X X X X X X X X X X X X X X X X X X X X X X X 9511 X 6966 5266 X X X X X X X X 8517 9877 X 152 147 X X 2232 
28 400 X X X X X X X X X 147 X X X X 3813 X X X X X X X X X X X X X X X X X X X X X X 147 X X X X 150 158 X X X X X X X X X X X X X X X 2420 X X 9226 X X X X X X X 160 X X X X 157 X X 7436 X X 146 X X X X X X 961 X X X 4587 X X X X X 585 X X X X X X X X X X X 2426 X X X X X X X X X X X X X X 962 145 X X X X X X 8853 X X X X X X X X X X X X X 3305 X X X X X X X X X X 1519 X X X X X X X X X X X 6092 X X X X X X 156 X X X X X X X X X X 1785 146 X X X X 9905 X X X X X X X 9354 2292 147 161 154 X X X X X X X X X X X 146 X X X X 3299 X X X X X 161 X X X X X X X X 6091 X X X X X X X X 5178 X X X X X 162 X X X X X X X X X X X X X X X 4270 X X X X X X X 5203 X X X X X X X X X X X X X X X X X X X X X X X X X X X X X X X X X X 8785 X X X X 7027 X X X X X X X X 2394 X 162 X X X X 9825 X X X 4266 X X X X X X X X X X X X X 156 X X X X X X X X X X X X X X X X X X X X X X X X X X X X X X X X 152 163 160 X X X X X X X X X X X 148 163 
29 50 161 X X X X 158 8211 X X X 2863 153 162 154 X 1781 6930 2326 163 X X 8287 X 6108 X 8593 X X X X X X 2454 5356 146 5437 X X 6273 6110 X X 5746 163 3026 X X X X X X X 163 X X X X X X X X X X 2094 X X X X 1462 X X X 3680 146 X X X X X X X X X 224 6643 X 9888 147 X X 7062 162 X X X X X 3265 162 155 7877 X X X X 6688 X 9145 X X X X X X X X X 3759 X X 7917 X X X X X X X X X 6117 X X 5730 153 6343 X 4856 495 156 X X X X X 2337 
29 75 231 X X X X X X X X X X X X 9585 X X X X X X X X X X X X 250 X X X X X X X X X X X 148 X X X X X X X X X X X X X X X X X X X X 3367 X X X 9791 X X X X X X 603 X X X X X X X X X X X 148 145 X X X X X X X X X X X X X X X X X X X X X X X X X X X X X X 8513 X X X 145 X X X X X X X X X X X X X X 8164 X X X X X X X X X X X X X X X 154 X X X X X X X X X X X 3553 X X X X 7364 X X X X X X X X X X X X X X X X X X X X X X X X X X X X X X X X X X X X X X X X X X X X X 5390 X X X X X X X X X 5969 X X X X X X X 245 X X X X X X 1913 X X X X X X X 2623 X X X X X X 5760 X X 151 151 X X X X 155 X X X X X X X X X X X X X X 7028 X X X X 1436 X X X X 151 146 153 X X X X X X X X X X X X X X X X X X X X X X X X X X X 236 X X X X X X X X X X X X X X X X X X X X X X X X X X X 8003 X X X X X X X X X X X X X X 145 X X X X X X X X X X X X X 5933 X 6496 X X X X X X X 969 X X X X X X X X X X X X X X X 3587 X X X X X 147 147 X X X X X 9221 X X X X X 6877 1306 X X X X 8523 X 7980 X X X X X X X X X X X X 4667 X 6470 X X X X X X X X X X X X X X X X X X X 9237 X 2179 X X X X X X X X X 5231 X X 6855 163 
29 100 X 2651 X 150 X X 9243 X X X X 5972 X X 152 X X X X X 7637 X X X X X X X X X X X X X X X X X X X X X X 150 162 X X X X X X X X X X X X 149 146 X X X X X 4195 X X 2855 X X X X X X 148 148 X X 6590 X X X X X X X X X X X X X X X X 8160 X X X X X X X X X X X X X X X 4857 X X X X X X X X 5426 X 147 9279 X X X X X X X 2651 X 1191 2749 X 2835 158 X X X X X X X X X X X X X X X X X X X X 2292 X X X X 148 146 X X X X X X X X X X X X 7085 2037 8256 8437 X X X X X X X X X X 3777 5500 3843 X X X X X X X X X X X X X X X 7051 X X X X X X X X X X X X 1030 7331 X X X X X X X X X X X X X X X X X X X X X X 8897 X X X X 5200 X X X X X X X X X 1575 7171 X 8319 X X X 8901 X X X X X X X X X X X X X X X X X X 1520 146 X 155 X X X X X X X X X X 5407 X X X X X 3193 162 
29 125 X X X X X X X X X X X X X X X X X X X X X X X X X X X X X X X X X X 162 X X X X X X X X X X X X X X X X X X X X X X 148 X X X X X X X X X X X X X X X X 149 157 X X X X X X X X X X X X X X X X X X X X X X X X X X X X X X X X X X X X X X X X X X X X X X X X X X X X X X X X X X X X X X X 165 X X X X X X X X X X X X 149 161 X X X X 149 146 X X X X X X X X X X X X X X X X X X X X X X X X X X X X X X X X X X X X X X X X X X X X X X X X X X X X X X X X X X X X X X X X X X X X X X X X X X X X 145 146 X X X X X X X X X X X X X X X X X X X X X X X X X X X X 8224 X X X X X X X X X X X X X X X X X X X X X X X X X X X X X X 9670 162 X X X X X X X X X X X X X X X X X X X X X 456 146 X X 151 162 X X X X X X X X X X X X X X X X X X X X X X X X X X X X X X X X X X X X X X X X X X X X X X X X X X X X X X X X X X X X X X X X X X X X X X X 162 156 X X X X X X X X X X X X X X X X X X X X X X X X X X X X X X X X X X X X X X X X X X X X X X X X X X X X X X X X X X X X X X X X X X X X X X X X X X X X X X X X X X X X X X X X X X 2407 X X X X X X X X X 147 163 X X X X X X X X X X X X X X X X X X X X X X X X X X X X X X X X X X 156 158 X X X X X X X X X X X X X X X X X X X X X X X X X X X X X X 1287 X X X X X X X X X X X X X X X 145 X X X X X X 7461 X X X X X X X X X X X X X X X X X X 150 X X X X X X X X X X X X X X X X X X X X X X X X X X X X X X X X X X X X X X X X X X X X X X X X X X X X X X X X X X X X X X X X X X X X X X X 148 X X X X 148 149 X X X X X X X X X X X X X X X X X X X X X X X X X X X X X X X X X X X X X X X X X X X X X X X X X X X X X X X X X X X X X X X X X X X X X X X X X X X X X X X X X X X X X X X X X X X X X X X X X X X X X X X X X X X X X X X X X X X X X X X X X X X X X X X X X X X X X X X X X X X X X X X X X X X X X X X X X X X X X X X X X X X X X X X X X X X X X X X X X X X X X X X X X X X X X X X X X X X X X X X X X X X X X X X X X X X X X X X X X X X X X X X X X X X 146 146 X X X X X X X X X X X X X X X X X X X X X X X X X X X X X X X X X X X X X X X X X X X X X X X X X X X X X X X X X X X X X X X X X X X X X X 144 146 X X X X X X X X X X 149 X X X X X X X X X X X X X X X X X X X X X X X 4161 X X X 151 145 X X X X X X X X X X X X X 146 X X X X X X X X X X X X X X 145 X X 145 X X X X X X X X X X 4358 X X X 5154 X X X X X X X X X X X 161 X X X X X X X X 148 X X X X X X X X X 4712 146 X X X X X X X X X X X X X X X X X X X X X X X X X X X X X X X X X X X X X X X X X X X X X X X X X X X X X X X X X 149 
29 150 3680 2897 X X X X X X 4054 2208 X X X X X X X X X X X X X X X X X X X X X 5648 X 9591 5316 X X X 7649 X X X X X X X 9115 X X X X X X X X X X X X X X X X X X X X X 3286 4749 X X X X 8197 1828 X X 1610 X X X X X X 3286 X X X X X X 3833 X X X 152 163 X X X 9872 X 3648 X X X 7369 X X X X X X 152 157 X X X 2527 X 6234 X X X 4176 X X X X X X 151 145 7957 X 6202 X X X X X X X 3871 X X X 6755 X X X X X X 2926 X X X 3282 X 145 X X X X X X X X X X X X X X X X X X X X X X X X X X X X X X 6954 X 8464 X X X X X X 9028 X X X X X X X X X 6175 X 4977 1631 4613 X X X X X X X X X 9406 X X X X X 151 X X 6207 X X 8421 7693 X X X X X X 9041 X X X X X X X X X X 3433 X X X X X 8222 
29 175 X X X X X X X X X X X X X X X X X X 156 2574 5824 X X X 3491 X X X X X X X X X X X X X X X X X X X X X X X X X X X X X X X X X X X X X X X X 9926 X 2162 X X X X X X X X 152 X X 145 X X X X 5102 X X X X X X X X X X X X X X X X 5282 1072 X X X X X X X X X X X X 9568 X X X X 163 X X X X X X X X X X 6044 X X X X X X X X 3301 X X X X X X X X X X X X X X X X X X X X X 339 X X X X X X X X X X X X X X X X X X X X X X X X X X X X X X 4666 X X X X X 161 X X X X X X X X X X X X X 159 X X X X X X X X X X X X X X X X X X X X X X X X X 6568 X 157 X X 2009 X X X 735 X X X X X X X X X X 6233 5493 X X X X X X X X X X X X 161 X X X X X X X 9702 X X X X X X 146 X X X X X X X X X X X X X X X 5864 X X X X X X X X X X X X X X X X X 5498 X X X X X X X X 158 X X X X X 1918 X X 155 149 X X X X X X X X X X X X X X X X X X X X X X X X 5328 X X X X X X X 159 X X X X X X 9738 X X X X X X X X X 155 161 146 X 2014 157 X 146 150 154 147 X X 145 X X X X X X X X X X X 161 162 X X X X X X X X X 1272 
29 200 X X X X 2558 X X X X X X X X X X X X X X X X X X X X 1713 X X X X X X X X 5879 X X X 8136 X X X 8595 7896 4780 X X X X X X X X 4434 X X 3169 X X X X X X X X 2525 X 1489 8620 X X X X X X X X X X X X X X X X 4461 X X X 1676 X X X 5769 X 9728 X X X 7358 X 5278 X X X 8468 X X 6067 X X X X X X X X 2256 X X X X X X X X X 146 145 X X X X X X X X X X X X X X 163 160 145 X X X X X 148 X X X X X X X X 2246 5317 X X X 4943 X X X X X X X X X X X X X 7191 X X X X 5006 X X X X X 148 163 X X 3888 X X 7739 X X X X 7139 X X X X X X X X 6237 9369 X X 1237 X X X X X 4944 X X 3331 X X 149 X X 5871 X X X X X X X 6966 X X X 2982 X X X X X X X X X X X 151 145 X X X X X X X X X X X X X 4458 5166 
29 225 X X X X X X X X X X 4234 X X X X X X X X X X X X X 9204 9544 X X X X X X X X X X X X 1496 149 X X 8062 X X X X 419 X X X X X X X X X X X X X X X X 5906 X X X 1519 X X X X 8111 X X X X X X X X X 151 162 6757 2372 X X X X X X X X 2022 X X X X X X X X X X X X X X 2034 X X 9792 6052 X 7324 X 7371 X X X X X X X X X X X X X X X X X X 7311 X X X X X X X X X 7557 X X X X X X X X X X X X 5044 X X X X X X X X X X X X X X X 7911 X X X X X X X X 7565 945 X X X X X X X 4268 X X X 9774 X X X X X X X X 4769 X X X X X X X X X X X X X X X X X X X X X X X X X X X X X X X X X X 6756 X X X X X X X X X X X X X 5334 X X X X 149 156 147 X X X X X X X X X X X X X X X X X X X X X X X X X X X X X 7292 X X X X X X X X X X X X X X X X X X X X X X X X X X X X X X X X X X 9122 X X X X X X X X 5242 X X X X X X X X 6762 X X X X X X X X X X X X X X X X X X X X X X X X X X X X X X X X X X X X X X X X X X X X X X X X X X X 5468 1473 X X X X X 3687 X X X X X X X X X X X 159 X X X X X X X 158 X X X X X X X X X X X X X 163 X X X X X X X X X X 8678 X X X X X X X X X X X X X 150 153 X X X X X X X X X X X X X X X X X X 3727 X X X X X X X X 1726 X X X X X X X X X X X X X X X X X X X X X X X X X X X X X X X X X 145 
29 250 X X X X X X X X X X X X X X X X X X X X X X X X X X X X X X 157 161 X X X X X X X X X X X X X X X X X X X X X X X X X X X X X X X X 7945 X X X X X X X 158 X X X X X X 152 162 146 X X X X X X X X X X X 146 152 X X X X X X 4269 X X X X X X X X X X X X 6022 X X X X X X X X X X 156 X X X X X X 152 159 X X X X X X X X X X X X X X X X X X X X X X X X X X X X X X X X X X X 3483 X X X X X X X X X 156 155 X X X X X X X X X X X X X X 4409 X X 9032 X X X X X X X 150 146 X X X X X X X X X X 160 X X X X X X X X X X X X X X X X X X X X X X X X X 969 X X X X 8298 X X X X X X X 1283 X X X X X X X X X X X X X X X X X X X X X X X X X 150 146 X X X X X X X X X X X X X X 937 X X 145 X X X X X X X X X X X X X X X X X X X X X X X X X X X X X X X X X X X X X X X X X X 4591 X X X X X X X X X X X X X X X X X X X X X X X X X X 8810 X X X X X X X X X X X X X X X X X X 6161 158 162 X X X X X X X X X X X X X X 9986 X X X X X X X X X X X X X X X X X X X X X X X X X X X X X X X X X X X X X X 163 X X X X X 8861 X X X X X X X X X X X X X X X X X X X X X X X X X X X X X X X X X X X X X X X X X 147 1290 X X X X X 150 X 748 X X X X 8369 X X X X X X X X X X X X 746 X X X 5496 X X X X 3147 X X X X X X X X X X X X 148 161 X X X X X 147 X X X X X 1256 X X X X X X X X X X X X X X X 9152 
29 275 X X X X X X X X X X X X X X X X 152 146 X X X X X X X X X X X X X X X X X X X X X X 144 152 X X X X X X X X X X X X X X X X X X X X X X X X 149 162 X X X X X X X X X X X X X X X X X X X X X X X X X X X X X X X X X X X X X X X 157 151 X X X X X X X X X X X X X X X X X X X X X X X X X X X X X X X X X X X X X 155 X X X X X X X X 449 X X X X X X X X X X X X X X X X X 162 X X X X X X X X X X X X X X X X X X X X X X X X X X X X X X X X X X X X X X X X X X X X X X X X X X X X X X X X X X X X X X X X X X X X X 148 146 X X X X X X X X X X X X X X X X X X X X X X X X X X X X X X X X X X X X X X X X X X X 1695 X X X X X X X X X X X X X X X X X X X X X X X X X X X X X X 146 X X X X X X X X X X X X X X X X X X X X X X X X X X X X X X X X X X X X X X X X X X X X X X X X X X X X X X X X X X 149 X 8967 X X 146 X X X X X X X X X X X X X X X X X X X X X X X X X X X X X X X X X X X X X X X X X X X X X X X X X X X X X 142 147 X X X X X X X X X X X X 144 145 X X X X X X X X X X 150 157 X X X X X X X X X X X X X X X X X X X X X X X X X X 148 146 X X 155 161 151 X X 144 149 X X X X X X X X X X X X X 149 162 X X X X X X X 160 146 146 145 153 X 148 X X X X X X X X X X X X X X X X X X X X X X X X X X X X X X X X X X X X X X X X X X X X X X X X X X X X X X X X X X X X X X X X X X X X X X X X X X X X X X X X X X X X X X X X X X X X X X X X X X X X X X X X X X X X X X X X X X X X X X X X X 149 162 X X X X X X X X X X X X X 150 162 X X X X X X X X X X X X X X 163 146 X X X X X X X X X X X 145 159 X X X X X X X X X X X X X X X X X X X X X X X X X X X X X X X X X X X X X X X X X X X X X X X X X X X X X X X X X X X X X X X X X X X X X X X X X X X X X X X X X X X X X X X X X X X X X X X X X X X X X 153 145 X X X X X X X X X X X X X 162 
29 300 158 X X X X 148 146 147 146 X X X X X X X X X X X X X X X X X X X X X X X X X X X X X X X X X X X X X X X X X X X X X X X X X X X X X X X X X X 150 156 156 X X X X X X X X X X X X X X X X X X X X X X X X X X X X X X X X X X X X X X X X X X X X X X X X X X 145 X X X X X X X X X X X X X X X X X X X X X X X X X X X X X X X X X X X X X X X X X X X X X X X X X X 142 X X X X X X X X X X X 1618 146 X X X X X X X X X X X X X X X X X X X X X X X X X X X X X X X X X X X X X X X X X X X X X X X X X X 148 151 X X X 165 X X X X X X X X 154 X X X X X X X 148 153 X X 9356 X X X X X X X X X X X X X X X X X X X X X X X X X X X X X X X X X X X X X X X X X X X X X X X X X X X 150 X X X X X X X X X X X X X X X X X X X X X X X X X X 154 156 X X X X X X X X X X X X X X X X X X X X X X X X X X X X X X X X X X X X X X X X X X X X X X X X X X X 155 X X X X X X X X X X X X X X X X X X X X X X X X X X X X X X X X X X X X X X X X X X X X X X X X X X X X X X X X X X X X X X X X X X X X X X X X X X X X X X X X X X X X X X X X X X X X X X X X X X X X X X X X X X X X X X X X X X X X X X X X X X X X X X X X X X X X X X X X X X X X X X X X X X X X X X X X X X X X X X X X X X X X X X X X X X X X X X X X X X X X X X X X X X X X X X X X X X X X X X X 149 X X X X X X X X X X X X X X X 146 X 155 X X X X X X X X X X X X X X X X X X X X X X X X X X X X X X X X X X X X X X X X X X X 144 146 X X X X X X X X X X X X X X X X X X X X X X X X X X X X 