17 50 146 146 1201 147 147 583 146 147 145 161 505 145 145 147 370 145 146 259 577 145 146 161 146 147 146 146 146 147 145 147 146 146 370 579 144 162 259 146 145 467 972 146 578 146 163 354 162 147 147 147 
17 75 146 145 146 146 359 302 163 145 146 147 146 860 145 495 146 146 769 146 385 146 146 364 941 147 306 146 146 163 625 147 147 306 145 146 858 305 146 308 145 147 147 1133 146 306 147 146 145 147 311 224 
17 100 892 421 146 147 259 354 145 297 710 251 354 147 147 353 162 145 162 492 401 145 686 147 147 146 146 146 269 616 146 146 148 355 353 145 147 145 145 147 146 353 356 147 146 355 146 145 146 346 146 146 
17 125 402 147 807 402 402 146 402 147 146 146 146 147 402 303 163 146 162 147 145 145 147 147 930 402 660 402 146 162 147 146 161 148 402 643 603 147 147 402 147 161 419 147 146 161 402 146 401 403 147 146 
17 150 460 159 465 146 451 146 465 147 450 146 146 467 146 147 163 146 146 467 451 700 146 145 450 146 856 146 145 146 465 162 146 147 465 450 146 162 161 146 145 145 147 146 360 450 146 465 145 147 466 881 
17 175 146 146 390 865 147 146 146 146 1973 513 513 866 328 498 866 147 148 513 146 649 865 499 716 147 340 147 147 866 2258 145 959 160 146 866 147 1218 146 146 147 147 146 163 147 145 147 147 146 385 146 146 
17 200 1604 147 147 145 146 147 399 146 562 963 147 145 146 146 146 147 146 894 146 547 147 146 774 547 631 699 563 146 147 147 584 146 2089 147 146 146 2211 146 975 147 147 862 546 1482 161 161 448 1362 146 146 
17 225 747 146 146 147 610 146 147 1267 145 145 148 145 146 147 145 145 382 852 146 146 1058 147 145 147 3400 769 2423 161 145 147 147 162 146 720 675 148 146 162 147 610 146 1058 147 161 146 146 1057 145 147 146 
17 250 558 6717 147 8156 146 146 146 146 855 147 722 146 146 658 146 771 147 953 145 146 147 145 147 147 657 146 146 863 798 659 147 451 146 505 658 658 147 146 161 657 1389 1241 145 658 147 163 853 146 147 145 
17 275 1159 146 707 146 146 146 145 1416 147 146 146 146 146 1587 748 1343 147 163 147 145 707 145 932 147 147 145 146 146 145 428 147 146 907 146 706 145 146 707 147 146 147 146 162 1266 147 146 831 147 146 804 
18 150 146 2234 147 147 145 147 161 658 316 148 625 1356 163 467 1198 465 2137 147 146 147 164 147 145 2709 1797 3109 146 146 784 368 162 146 964 145 146 146 146 781 452 2398 711 1056 301 901 1311 147 877 2531 450 513 
18 225 146 148 2347 644 147 900 700 872 596 162 146 609 146 396 2894 424 146 147 159 145 3006 1058 401 980 864 146 1500 161 146 388 882 418 702 805 147 163 2252 162 610 146 146 388 1058 1324 145 777 147 2042 147 145 
18 325 2655 145 146 803 802 145 147 145 146 146 1344 935 2096 147 147 2302 145 885 147 146 1527 802 572 145 787 146 1171 802 146 147 147 146 2113 147 1039 1214 146 147 147 896 814 162 1033 1261 147 146 145 4718 907 752 
18 375 899 145 147 930 145 897 146 1598 147 146 914 162 913 1427 543 147 146 146 163 162 145 147 146 146 939 146 159 146 577 146 162 159 1473 1115 145 146 1305 147 146 1030 146 912 2519 2966 559 1073 897 2847 898 166 
18 400 8887 2397 146 4504 150 1186 1402 566 146 560 4377 623 146 1438 146 1497 968 148 946 1392 145 147 859 2928 145 161 6584 1062 958 2036 2273 1028 4273 147 2346 7201 2522 146 1182 2486 3262 145 2231 6509 146 148 2997 146 9356 6531 
19 50 317 5288 1340 146 151 544 531 286 258 144 552 1845 3854 402 162 162 147 257 365 670 2006 1542 688 161 147 259 1334 281 163 1315 545 404 320 146 749 785 476 941 364 1495 496 784 702 588 150 146 681 219 2271 161 
19 100 355 374 145 15 147 370 145 355 146 162 162 355 158 146 354 355 162 147 147 145 277 355 146 355 162 353 146 147 147 145 174 334 162 576 161 162 147 145 147 163 145 146 355 146 146 588 145 145 147 162 
19 125 146 147 162 1180 161 330 162 146 148 146 146 145 147 146 402 402 146 145 147 146 648 624 658 162 146 147 146 401 146 398 418 163 579 146 145 1313 162 146 652 147 158 913 146 147 145 402 148 453 146 146 
19 150 450 146 147 147 960 753 162 147 146 147 148 2647 146 161 162 1901 591 146 820 337 1028 402 147 1643 465 145 466 146 146 451 1995 3988 801 163 145 755 569 5317 1058 2862 770 396 146 147 314 1031 754 754 147 2247 
19 225 438 594 1271 4059 145 1625 1650 159 1013 145 2068 146 162 992 146 7042 162 146 408 3131 2930 3939 2669 7169 147 4703 779 2716 7662 4228 386 146 6193 883 7423 146 1907 147 722 1581 146 7803 145 2989 3141 146 610 254 147 147 
19 275 1030 918 3028 2044 145 146 706 706 1266 2960 705 4624 1519 1185 2025 1417 146 1172 1402 161 147 1301 146 707 147 147 145 1287 5284 3152 161 1683 1426 1082 929 145 146 887 147 145 146 707 2286 836 145 1348 163 162 435 1313 
19 300 146 828 1485 3536 1639 786 1983 146 4564 909 1121 146 1499 625 2488 2532 162 3545 146 1751 4788 146 146 148 162 145 16 755 162 145 146 823 1362 145 146 8635 6377 1614 3628 2090 3920 147 4951 4996 3997 755 146 1453 639 825 
20 50 257 418 147 660 315 147 146 145 148 259 251 146 258 637 225 147 146 550 147 146 146 504 292 759 344 1194 328 528 146 163 718 425 145 315 265 430 147 163 251 146 146 520 162 147 162 379 162 147 161 689 
20 100 163 1759 146 355 355 453 1441 146 994 921 3691 1264 1724 145 388 816 268 146 1941 355 162 724 147 663 1838 918 1730 4878 145 437 787 144 155 815 1403 146 3710 955 1147 4848 901 1972 1861 1715 148 784 1091 1661 145 1095 
20 225 7650 146 147 4852 7046 151 662 5263 940 2352 1179 1349 676 1292 1506 4616 1505 702 605 162 5751 3817 2356 1088 5987 159 3299 2567 3953 2316 2972 3273 1187 148 1575 1169 147 161 156 2024 147 147 1828 4269 145 2172 2073 146 2385 163 
21 50 258 147 147 1619 691 145 151 146 933 146 4212 728 322 1879 2243 729 145 495 506 1380 147 865 257 361 730 329 3277 1536 1495 2117 518 624 152 1491 146 146 863 707 967 1283 850 161 690 163 201 1154 335 362 1265 1255 
21 100 146 585 2471 150 157 145 144 3071 2506 1355 725 155 146 162 4403 1833 2007 577 824 618 263 1033 146 2396 1701 143 3351 146 148 3398 1284 2417 958 162 811 897 162 146 1207 1101 1621 405 1888 949 146 808 146 2400 162 1203 
21 200 162 150 1947 5495 1873 1515 9709 2771 4408 146 5941 377 367 4199 146 1838 143 145 146 147 4147 355 779 145 143 1108 2703 147 145 1334 148 145 7472 147 1636 615 6430 3845 146 887 6352 146 2618 4956 942 2321 821 1245 3814 152 
22 50 1635 530 985 713 685 162 2223 602 911 143 312 1406 147 155 971 161 1013 162 349 258 146 147 145 497 146 1654 145 489 3110 691 483 1385 482 987 1182 145 2216 163 1380 162 146 2197 207 146 2538 514 606 698 324 203 
22 100 1642 147 1649 1109 942 4073 531 2217 859 4048 544 2128 1298 2454 146 162 146 146 5794 800 2408 254 657 974 638 145 2191 1459 1682 961 412 5577 1747 2252 145 1906 145 1153 1041 149 1341 162 921 2239 152 784 4355 468 2128 148 
22 200 146 2538 5008 904 673 7143 145 568 151 162 857 612 147 2371 595 146 372 147 161 1398 365 162 885 1123 921 1077 1277 157 145 621 2187 6485 162 2326 1691 4732 161 1799 2542 6019 3090 1987 146 5726 3499 5772 916 3668 1456 1095 
23 50 202 214 1071 3582 142 147 261 2210 1031 2389 147 613 2073 932 1167 775 989 407 899 983 622 392 210 326 1155 2648 933 809 1489 920 204 146 147 200 149 1041 514 1550 1109 273 1608 277 1209 161 156 696 5318 147 1002 162 
23 100 381 6889 3653 840 1027 3209 1910 145 587 653 2268 162 147 4256 148 146 1018 644 2816 1298 903 2542 831 154 158 161 8721 978 3551 419 240 370 1145 155 142 145 155 2130 369 146 147 146 142 2662 967 726 2608 163 161 388 
24 50 154 778 1240 1167 150 583 428 435 2704 1151 788 598 146 186 147 153 997 1431 317 1834 706 370 1239 2017 2364 1279 2319 234 161 146 1168 1111 844 1536 1458 742 857 163 3370 2393 381 3277 370 558 338 146 867 1424 937 146 
24 100 146 1484 2490 163 9077 162 1450 2578 1304 257 9804 4559 5583 1533 163 3164 3382 478 2937 1176 1709 6828 2492 1854 2685 905 146 146 6326 5732 5077 4284 8252 162 4660 307 8851 641 2202 8586 162 3895 1163 2965 1906 162 6656 360 147 150 
25 50 3224 443 1100 1297 898 149 629 737 2272 2525 5620 2829 2046 5138 622 258 151 4359 755 146 2186 151 164 1085 874 148 837 618 559 1097 619 2288 153 146 1459 1334 2611 3327 726 162 855 3344 214 546 3690 451 321 3227 1023 285 
25 100 1540 6713 2051 2195 2845 2851 2279 146 5142 1880 8447 146 1507 2832 1151 147 2263 161 1692 1522 147 1193 162 2163 1487 1811 804 3365 147 8086 4250 6949 161 2505 738 1944 152 2675 161 9645 1899 2659 146 3616 164 5327 306 1649 474 4906 
25 150 6004 155 1600 2516 147 1820 3713 861 163 4475 3453 147 5124 7918 1792 1466 2420 698 744 5343 162 7319 8038 526 155 1061 1411 1616 147 7970 8520 2525 9364 1443 162 7496 143 756 146 9774 3893 4295 2163 146 3436 385 1673 760 9021 1286 
26 50 2782 146 146 1151 1108 5813 1752 149 162 224 628 148 497 146 1102 847 854 150 423 147 960 2210 1288 691 1658 369 152 1147 419 343 1771 148 705 1099 502 1230 1349 622 539 1120 1872 1591 209 494 689 2092 362 552 147 1270 
